Mar 22 01:33:37 detox[31806] TRACE: [DETOX_CREATE] created a Detox instance with config:
{
  appsConfig: {
    default: {
      type: 'android.apk',
      binaryPath: 'android/app/build/outputs/apk/debug/app-debug.apk',
      build: 'cd android && ./gradlew assembleDebug assembleAndroidTest -DtestBuildType=debug && cd ..'
    }
  },
  artifactsConfig: {
    rootDir: 'artifacts/android.debug.2022-03-21 20-03-35Z',
    plugins: {
      log: {
        enabled: true,
        keepOnlyFailedTestsArtifacts: false
      },
      screenshot: {
        enabled: true,
        shouldTakeAutomaticSnapshots: false,
        keepOnlyFailedTestsArtifacts: false
      },
      video: {
        enabled: false,
        keepOnlyFailedTestsArtifacts: false
      },
      instruments: {
        enabled: false,
        keepOnlyFailedTestsArtifacts: false
      },
      timeline: {
        enabled: false
      },
      uiHierarchy: {
        enabled: false,
        keepOnlyFailedTestsArtifacts: false
      }
    },
    pathBuilder: ArtifactPathBuilder {
      _rootDir: 'artifacts/android.debug.2022-03-21 20-03-35Z'
    }
  },
  behaviorConfig: {
    init: {
      reinstallApp: true,
      exposeGlobals: true
    },
    cleanup: {
      shutdownDevice: false
    },
    launchApp: 'auto'
  },
  cliConfig: {
    recordLogs: 'all',
    configuration: 'android.debug',
    useCustomLogger: true
  },
  configurationName: 'android.debug',
  deviceConfig: {
    type: 'android.attached',
    device: {
      adbName: 'LMG850EMW1f87e52c'
    }
  },
  runnerConfig: {
    testRunner: 'jest',
    runnerConfig: 'e2e/config.json',
    specs: 'e2e',
    skipLegacyWorkersInjection: false
  },
  sessionConfig: {
    autoStart: true,
    sessionId: '6b22f8b4-10af-4a89-dc82-85d98e1ed414',
    debugSynchronization: 10000
  }
}
Mar 22 01:33:37 detox[31806] DEBUG: [WSS_CREATE] Detox server listening on localhost:63240...
Mar 22 01:33:37 detox[31806] DEBUG: [WSS_CONNECTION, #63241] registered a new connection.
Mar 22 01:33:37 detox[31806] TRACE: [WS_OPEN] opened web socket to: ws://localhost:63240
Mar 22 01:33:37 detox[31806] TRACE: [WS_SEND] {"type":"login","params":{"sessionId":"6b22f8b4-10af-4a89-dc82-85d98e1ed414","role":"tester"},"messageId":0}
Mar 22 01:33:37 detox[31806] TRACE: [WSS_GET_FROM, #63241] {"type":"login","params":{"sessionId":"6b22f8b4-10af-4a89-dc82-85d98e1ed414","role":"tester"},"messageId":0}
Mar 22 01:33:37 detox[31806] TRACE: [SESSION_CREATED] created session 6b22f8b4-10af-4a89-dc82-85d98e1ed414
Mar 22 01:33:37 detox[31806] TRACE: [WSS_SEND_TO, #tester] {"type":"loginSuccess","params":{"testerConnected":true,"appConnected":false},"messageId":0}
Mar 22 01:33:37 detox[31806] TRACE: [SESSION_JOINED] tester joined session 6b22f8b4-10af-4a89-dc82-85d98e1ed414
Mar 22 01:33:37 detox[31806] TRACE: [WS_MESSAGE] {"type":"loginSuccess","params":{"testerConnected":true,"appConnected":false},"messageId":0}
 
Mar 22 01:33:37 detox[31806] DEBUG: [EXEC_CMD, #0] "/Users/vivek.shindhe/Library/Android/sdk/platform-tools/adb"  devices
Mar 22 01:33:37 detox[31806] DEBUG: [EXEC_SUCCESS, #0] List of devices attached
LMG850EMW1f87e52c	device


Mar 22 01:33:37 detox[31806] DEBUG: [DEVICE_LOOKUP] Found a matching & free device LMG850EMW1f87e52c
Mar 22 01:33:37 detox[31806] DEBUG: [EXEC_CMD, #1] "/Users/vivek.shindhe/Library/Android/sdk/platform-tools/adb" -s LMG850EMW1f87e52c shell "getprop ro.build.version.sdk"
Mar 22 01:33:37 detox[31806] TRACE: [EXEC_SUCCESS, #1] 30

Mar 22 01:33:37 detox[31806] DEBUG: [EXEC_CMD, #2] "/Users/vivek.shindhe/Library/Android/sdk/platform-tools/adb" -s LMG850EMW1f87e52c shell "dumpsys power | grep \"^[ ]*m[UW].*=\""
Mar 22 01:33:37 detox[31806] TRACE: [EXEC_SUCCESS, #2]   mWakefulnessRaw=Awake
  mWakefulnessChanging=false
  mWakeLockSummary=0x1
  mUserActivitySummary=0x1
  mWakeUpWhenPluggedOrUnpluggedConfig=true
  mWakeUpWhenPluggedOrUnpluggedInTheaterModeConfig=false
  mUserActivityTimeoutOverrideFromWindowManager=-1
  mUserInactiveOverrideFromWindowManager=false
  mUserId=0
  mWakefulness=Asleep
  mWakefulnessChanging=false
  mWakeLockSummary=0x0
  mUserActivitySummary=0x0

Mar 22 01:33:37 detox[31806] DEBUG: [EXEC_CMD, #3] "/Users/vivek.shindhe/Library/Android/sdk/platform-tools/adb" -s LMG850EMW1f87e52c shell "input keyevent KEYCODE_POWER"
Mar 22 01:33:39 detox[31806] TRACE: [EXEC_SUCCESS, #3] 
Mar 22 01:33:39 detox[31806] TRACE: [ARTIFACTS_LIFECYCLE] artifactsManager.onBootDevice({ deviceId: 'LMG850EMW1f87e52c', type: 'device', coldBoot: false })
Mar 22 01:33:39 detox[31806] DEBUG: [EXEC_CMD, #4] "/Users/vivek.shindhe/Library/Android/sdk/build-tools/31.0.0/aapt" dump badging "/Users/vivek.shindhe/RazorpayProjects/testing_projects/DetoxSample/android/app/build/outputs/apk/debug/app-debug.apk"
Mar 22 01:33:39 detox[31806] TRACE: [EXEC_SUCCESS, #4] package: name='com.detoxsample' versionCode='1' versionName='1.0' compileSdkVersion='30' compileSdkVersionCodename='11'
sdkVersion:'21'
targetSdkVersion:'30'
uses-permission: name='android.permission.SYSTEM_ALERT_WINDOW'
uses-permission: name='android.permission.INTERNET'
uses-permission: name='android.permission.ACCESS_WIFI_STATE'
uses-permission: name='android.permission.ACCESS_NETWORK_STATE'
application-label:'DetoxSample'
application-label-af:'DetoxSample'
application-label-am:'DetoxSample'
application-label-ar:'DetoxSample'
application-label-as:'DetoxSample'
application-label-az:'DetoxSample'
application-label-be:'DetoxSample'
application-label-bg:'DetoxSample'
application-label-bn:'DetoxSample'
application-label-bs:'DetoxSample'
application-label-ca:'DetoxSample'
application-label-cs:'DetoxSample'
application-label-da:'DetoxSample'
application-label-de:'DetoxSample'
application-label-el:'DetoxSample'
application-label-en-AU:'DetoxSample'
application-label-en-CA:'DetoxSample'
application-label-en-GB:'DetoxSample'
application-label-en-IN:'DetoxSample'
application-label-en-SG:'DetoxSample'
application-label-en-XC:'DetoxSample'
application-label-es:'DetoxSample'
application-label-es-419:'DetoxSample'
application-label-es-US:'DetoxSample'
application-label-et:'DetoxSample'
application-label-eu:'DetoxSample'
application-label-fa:'DetoxSample'
application-label-fi:'DetoxSample'
application-label-fil:'DetoxSample'
application-label-fr:'DetoxSample'
application-label-fr-CA:'DetoxSample'
application-label-gl:'DetoxSample'
application-label-gu:'DetoxSample'
application-label-hi:'DetoxSample'
application-label-hr:'DetoxSample'
application-label-hu:'DetoxSample'
application-label-hy:'DetoxSample'
application-label-id:'DetoxSample'
application-label-in:'DetoxSample'
application-label-is:'DetoxSample'
application-label-it:'DetoxSample'
application-label-iw:'DetoxSample'
application-label-ja:'DetoxSample'
application-label-ka:'DetoxSample'
application-label-kk:'DetoxSample'
application-label-km:'DetoxSample'
application-label-kn:'DetoxSample'
application-label-ko:'DetoxSample'
application-label-ky:'DetoxSample'
application-label-lo:'DetoxSample'
application-label-lt:'DetoxSample'
application-label-lv:'DetoxSample'
application-label-mk:'DetoxSample'
application-label-ml:'DetoxSample'
application-label-mn:'DetoxSample'
application-label-mr:'DetoxSample'
application-label-ms:'DetoxSample'
application-label-my:'DetoxSample'
application-label-nb:'DetoxSample'
application-label-ne:'DetoxSample'
application-label-nl:'DetoxSample'
application-label-or:'DetoxSample'
application-label-pa:'DetoxSample'
application-label-pl:'DetoxSample'
application-label-pt:'DetoxSample'
application-label-pt-BR:'DetoxSample'
application-label-pt-PT:'DetoxSample'
application-label-ro:'DetoxSample'
application-label-ru:'DetoxSample'
application-label-si:'DetoxSample'
application-label-sk:'DetoxSample'
application-label-sl:'DetoxSample'
application-label-sq:'DetoxSample'
application-label-sr:'DetoxSample'
application-label-sr-Latn:'DetoxSample'
application-label-sv:'DetoxSample'
application-label-sw:'DetoxSample'
application-label-ta:'DetoxSample'
application-label-te:'DetoxSample'
application-label-th:'DetoxSample'
application-label-tl:'DetoxSample'
application-label-tr:'DetoxSample'
application-label-uk:'DetoxSample'
application-label-ur:'DetoxSample'
application-label-uz:'DetoxSample'
application-label-vi:'DetoxSample'
application-label-zh-CN:'DetoxSample'
application-label-zh-HK:'DetoxSample'
application-label-zh-TW:'DetoxSample'
application-label-zu:'DetoxSample'
application-icon-120:'res/mipmap-mdpi-v4/ic_launcher.png'
application-icon-160:'res/mipmap-mdpi-v4/ic_launcher.png'
application-icon-240:'res/mipmap-hdpi-v4/ic_launcher.png'
application-icon-320:'res/mipmap-xhdpi-v4/ic_launcher.png'
application-icon-480:'res/mipmap-xxhdpi-v4/ic_launcher.png'
application-icon-640:'res/mipmap-xxxhdpi-v4/ic_launcher.png'
application-icon-65534:'res/mipmap-mdpi-v4/ic_launcher.png'
application: label='DetoxSample' icon='res/mipmap-mdpi-v4/ic_launcher.png'
application-debuggable
launchable-activity: name='com.detoxsample.MainActivity'  label='DetoxSample' icon=''
uses-library-not-required:'org.apache.http.legacy'
feature-group: label=''
  uses-gl-es: '0x20000'
  uses-feature: name='android.hardware.faketouch'
  uses-implied-feature: name='android.hardware.faketouch' reason='default feature for all apps'
  uses-feature: name='android.hardware.wifi'
  uses-implied-feature: name='android.hardware.wifi' reason='requested android.permission.ACCESS_WIFI_STATE permission'
main
other-activities
other-services
supports-screens: 'small' 'normal' 'large' 'xlarge'
supports-any-density: 'true'
locales: '--_--' 'af' 'am' 'ar' 'as' 'az' 'be' 'bg' 'bn' 'bs' 'ca' 'cs' 'da' 'de' 'el' 'en-AU' 'en-CA' 'en-GB' 'en-IN' 'en-SG' 'en-XC' 'es' 'es-419' 'es-US' 'et' 'eu' 'fa' 'fi' 'fil' 'fr' 'fr-CA' 'gl' 'gu' 'hi' 'hr' 'hu' 'hy' 'id' 'in' 'is' 'it' 'iw' 'ja' 'ka' 'kk' 'km' 'kn' 'ko' 'ky' 'lo' 'lt' 'lv' 'mk' 'ml' 'mn' 'mr' 'ms' 'my' 'nb' 'ne' 'nl' 'or' 'pa' 'pl' 'pt' 'pt-BR' 'pt-PT' 'ro' 'ru' 'si' 'sk' 'sl' 'sq' 'sr' 'sr-Latn' 'sv' 'sw' 'ta' 'te' 'th' 'tl' 'tr' 'uk' 'ur' 'uz' 'vi' 'zh-CN' 'zh-HK' 'zh-TW' 'zu'
densities: '120' '160' '240' '320' '480' '640' '65534'
native-code: 'arm64-v8a' 'armeabi-v7a' 'x86' 'x86_64'

Mar 22 01:33:39 detox[31806] TRACE: [ARTIFACTS_LIFECYCLE] artifactsManager.onBeforeTerminateApp({ deviceId: 'LMG850EMW1f87e52c', bundleId: 'com.detoxsample' })
Mar 22 01:33:39 detox[31806] DEBUG: [EXEC_CMD, #5] "/Users/vivek.shindhe/Library/Android/sdk/platform-tools/adb" -s LMG850EMW1f87e52c shell "am force-stop com.detoxsample"
Mar 22 01:33:39 detox[31806] TRACE: [EXEC_SUCCESS, #5] 
Mar 22 01:33:39 detox[31806] TRACE: [ARTIFACTS_LIFECYCLE] artifactsManager.onTerminateApp({ deviceId: 'LMG850EMW1f87e52c', bundleId: 'com.detoxsample' })
Mar 22 01:33:39 detox[31806] TRACE: [ARTIFACTS_LIFECYCLE] artifactsManager.onBeforeUninstallApp({ deviceId: 'LMG850EMW1f87e52c', bundleId: 'com.detoxsample' })
Mar 22 01:33:39 detox[31806] DEBUG: [EXEC_CMD, #6] "/Users/vivek.shindhe/Library/Android/sdk/platform-tools/adb" -s LMG850EMW1f87e52c shell "pm list packages com.detoxsample"
Mar 22 01:33:39 detox[31806] TRACE: [EXEC_SUCCESS, #6] package:com.detoxsample.test
package:com.detoxsample

Mar 22 01:33:39 detox[31806] DEBUG: [EXEC_CMD, #7] "/Users/vivek.shindhe/Library/Android/sdk/platform-tools/adb" -s LMG850EMW1f87e52c uninstall com.detoxsample
Mar 22 01:33:40 detox[31806] TRACE: [EXEC_SUCCESS, #7] Success

Mar 22 01:33:40 detox[31806] DEBUG: [EXEC_CMD, #8] "/Users/vivek.shindhe/Library/Android/sdk/platform-tools/adb" -s LMG850EMW1f87e52c shell "pm list packages com.detoxsample.test"
Mar 22 01:33:40 detox[31806] TRACE: [EXEC_SUCCESS, #8] package:com.detoxsample.test

Mar 22 01:33:40 detox[31806] DEBUG: [EXEC_CMD, #9] "/Users/vivek.shindhe/Library/Android/sdk/platform-tools/adb" -s LMG850EMW1f87e52c uninstall com.detoxsample.test
Mar 22 01:33:41 detox[31806] TRACE: [EXEC_SUCCESS, #9] Success

Mar 22 01:33:41 detox[31806] DEBUG: [EXEC_CMD, #10] "/Users/vivek.shindhe/Library/Android/sdk/build-tools/31.0.0/aapt" dump xmlstrings "/Users/vivek.shindhe/RazorpayProjects/testing_projects/DetoxSample/android/app/build/outputs/apk/debug/app-debug.apk" AndroidManifest.xml
Mar 22 01:33:41 detox[31806] TRACE: [EXEC_SUCCESS, #10] String pool of 77 unique UTF-16 non-sorted strings, 77 entries and 0 styles using 3480 bytes:
String #0: theme
String #1: label
String #2: icon
String #3: name
String #4: permission
String #5: debuggable
String #6: exported
String #7: excludeFromRecents
String #8: launchMode
String #9: configChanges
String #10: value
String #11: mimeType
String #12: scheme
String #13: host
String #14: minSdkVersion
String #15: versionCode
String #16: versionName
String #17: windowSoftInputMode
String #18: targetSdkVersion
String #19: allowBackup
String #20: glEsVersion
String #21: required
String #22: usesCleartextTraffic
String #23: networkSecurityConfig
String #24: roundIcon
String #25: compileSdkVersion
String #26: compileSdkVersionCodename
String #27: appComponentFactory
String #28: *
String #29: */*
String #30: 1.0
String #31: 11
String #32: action
String #33: activity
String #34: android
String #35: android.intent.action.MAIN
String #36: android.intent.action.SEND
String #37: android.intent.action.VIEW
String #38: android.intent.category.BROWSABLE
String #39: android.intent.category.LAUNCHER
String #40: android.permission.ACCESS_NETWORK_STATE
String #41: android.permission.ACCESS_WIFI_STATE
String #42: android.permission.INTERNET
String #43: android.permission.SYSTEM_ALERT_WINDOW
String #44: androidx.core.app.CoreComponentFactory
String #45: application
String #46: category
String #47: com.detoxsample
String #48: com.detoxsample.MainActivity
String #49: com.detoxsample.MainApplication
String #50: com.facebook.react.devsupport.DevSettingsActivity
String #51: com.google.android.gms.auth.api.signin.RevocationBoundService
String #52: com.google.android.gms.auth.api.signin.internal.SignInHubActivity
String #53: com.google.android.gms.auth.api.signin.permission.REVOCATION_NOTIFICATION
String #54: com.google.android.gms.common.api.GoogleApiActivity
String #55: com.google.android.gms.version
String #56: com.razorpay.RzpGpayMerged
String #57: com.razorpay.plugin.googlepay_all
String #58: com.razorpay.rn.RazorpayPaymentActivity
String #59: data
String #60: http://schemas.android.com/apk/res/android
String #61: intent
String #62: intent-filter
String #63: manifest
String #64: meta-data
String #65: org.apache.http.legacy
String #66: package
String #67: pay
String #68: platformBuildVersionCode
String #69: platformBuildVersionName
String #70: queries
String #71: service
String #72: upi
String #73: uses-feature
String #74: uses-library
String #75: uses-permission
String #76: uses-sdk

Mar 22 01:33:41 detox[31806] DEBUG: [EXEC_CMD, #11] "/Users/vivek.shindhe/Library/Android/sdk/build-tools/31.0.0/aapt" dump xmlstrings "/Users/vivek.shindhe/RazorpayProjects/testing_projects/DetoxSample/android/app/build/outputs/apk/androidTest/debug/app-debug-androidTest.apk" AndroidManifest.xml
Mar 22 01:33:41 detox[31806] TRACE: [EXEC_SUCCESS, #11] String pool of 41 unique UTF-16 non-sorted strings, 41 entries and 0 styles using 2032 bytes:
String #0: theme
String #1: label
String #2: name
String #3: debuggable
String #4: exported
String #5: targetPackage
String #6: handleProfiling
String #7: functionalTest
String #8: minSdkVersion
String #9: targetSdkVersion
String #10: compileSdkVersion
String #11: compileSdkVersionCodename
String #12: 11
String #13: Tests for com.detoxsample
String #14: action
String #15: activity
String #16: android
String #17: android.intent.action.MAIN
String #18: android.permission.REORDER_TASKS
String #19: android.test.runner
String #20: androidx.test.core.app.InstrumentationActivityInvoker$BootstrapActivity
String #21: androidx.test.core.app.InstrumentationActivityInvoker$EmptyActivity
String #22: androidx.test.core.app.InstrumentationActivityInvoker$EmptyFloatingActivity
String #23: androidx.test.orchestrator
String #24: androidx.test.runner.AndroidJUnitRunner
String #25: androidx.test.services
String #26: application
String #27: com.detoxsample
String #28: com.detoxsample.test
String #29: com.google.android.apps.common.testing.services
String #30: http://schemas.android.com/apk/res/android
String #31: instrumentation
String #32: intent-filter
String #33: manifest
String #34: package
String #35: platformBuildVersionCode
String #36: platformBuildVersionName
String #37: queries
String #38: uses-library
String #39: uses-permission
String #40: uses-sdk

Mar 22 01:33:41 detox[31806] DEBUG: [SPAWN_CMD, #12, cpid=31823] /Users/vivek.shindhe/Library/Android/sdk/platform-tools/adb -s LMG850EMW1f87e52c install -r -g -t /Users/vivek.shindhe/RazorpayProjects/testing_projects/DetoxSample/android/app/build/outputs/apk/debug/app-debug.apk
Mar 22 01:33:47 detox[31806] TRACE: [SPAWN_STDOUT, #12, cpid=31823] Performing Streamed Install
Success

Mar 22 01:33:47 detox[31806] DEBUG: [SPAWN_END, #12, cpid=31823] /Users/vivek.shindhe/Library/Android/sdk/platform-tools/adb -s LMG850EMW1f87e52c install -r -g -t /Users/vivek.shindhe/RazorpayProjects/testing_projects/DetoxSample/android/app/build/outputs/apk/debug/app-debug.apk exited with code #0
Mar 22 01:33:47 detox[31806] DEBUG: [SPAWN_CMD, #13, cpid=31824] /Users/vivek.shindhe/Library/Android/sdk/platform-tools/adb -s LMG850EMW1f87e52c install -r -g -t /Users/vivek.shindhe/RazorpayProjects/testing_projects/DetoxSample/android/app/build/outputs/apk/androidTest/debug/app-debug-androidTest.apk
Mar 22 01:33:49 detox[31806] TRACE: [SPAWN_STDOUT, #13, cpid=31824] Performing Streamed Install
Success

Mar 22 01:33:49 detox[31806] DEBUG: [SPAWN_END, #13, cpid=31824] /Users/vivek.shindhe/Library/Android/sdk/platform-tools/adb -s LMG850EMW1f87e52c install -r -g -t /Users/vivek.shindhe/RazorpayProjects/testing_projects/DetoxSample/android/app/build/outputs/apk/androidTest/debug/app-debug-androidTest.apk exited with code #0
Mar 22 01:33:49 ROOT_DESCRIBE_BLOCK[31806] TRACE: [ARTIFACTS_LIFECYCLE] artifactsManager.onRunDescribeStart({ name: 'ROOT_DESCRIBE_BLOCK' })
Mar 22 01:33:49 Example[31806] TRACE: [ARTIFACTS_LIFECYCLE] artifactsManager.onRunDescribeStart({ name: 'Example' })
Mar 22 01:33:49 detox[31806] INFO:  [97mExample[39m is assigned to [94mAttachedDevice:LMG850EMW1f87e52c[39m
Mar 22 01:33:49 detox[31806] TRACE: [ARTIFACTS_LIFECYCLE] artifactsManager.onBeforeTerminateApp({ deviceId: 'LMG850EMW1f87e52c', bundleId: 'com.detoxsample' })
Mar 22 01:33:49 detox[31806] DEBUG: [EXEC_CMD, #14] "/Users/vivek.shindhe/Library/Android/sdk/platform-tools/adb" -s LMG850EMW1f87e52c shell "am force-stop com.detoxsample"
Mar 22 01:33:49 detox[31806] TRACE: [EXEC_SUCCESS, #14] 
Mar 22 01:33:49 detox[31806] TRACE: [ARTIFACTS_LIFECYCLE] artifactsManager.onTerminateApp({ deviceId: 'LMG850EMW1f87e52c', bundleId: 'com.detoxsample' })
Mar 22 01:33:49 detox[31806] TRACE: [ARTIFACTS_LIFECYCLE] artifactsManager.onBeforeLaunchApp({
  deviceId: 'LMG850EMW1f87e52c',
  bundleId: 'com.detoxsample',
  launchArgs: {
    detoxServer: 'ws://localhost:63240',
    detoxSessionId: '6b22f8b4-10af-4a89-dc82-85d98e1ed414'
  }
})
Mar 22 01:33:49 detox[31806] DEBUG: [EXEC_CMD, #15] "/Users/vivek.shindhe/Library/Android/sdk/platform-tools/adb" -s LMG850EMW1f87e52c shell "date +\"%m-%d %T.000\""
Mar 22 01:33:49 detox[31806] TRACE: [EXEC_SUCCESS, #15] 03-22 01:33:49.000

Mar 22 01:33:49 detox[31806] DEBUG: [EXEC_CMD, #16] "/Users/vivek.shindhe/Library/Android/sdk/platform-tools/adb" -s LMG850EMW1f87e52c reverse tcp:63240 tcp:63240
Mar 22 01:33:49 detox[31806] TRACE: [EXEC_SUCCESS, #16] 63240

Mar 22 01:33:49 detox[31806] DEBUG: [EXEC_CMD, #17] "/Users/vivek.shindhe/Library/Android/sdk/platform-tools/adb" -s LMG850EMW1f87e52c shell "pm list instrumentation"
Mar 22 01:33:50 detox[31806] TRACE: [EXEC_SUCCESS, #17] instrumentation:com.detoxsample.test/androidx.test.runner.AndroidJUnitRunner (target=com.detoxsample)
instrumentation:com.lge.cic.eden.service/android.test.InstrumentationTestRunner (target=com.lge.cic.eden.service)
instrumentation:com.microsoft.office.word/android.test.InstrumentationTestRunner (target=com.microsoft.office.msohttp.tests)
instrumentation:com.razorpay.customcheckoutrzpsample.test/androidx.test.runner.AndroidJUnitRunner (target=com.razorpay.customcheckoutrzpsample)

Mar 22 01:33:50 detox[31806] DEBUG: [SPAWN_CMD, #18, cpid=31830] /Users/vivek.shindhe/Library/Android/sdk/platform-tools/adb -s LMG850EMW1f87e52c shell am instrument -w -r -e detoxServer ws://localhost:63240 -e detoxSessionId 6b22f8b4-10af-4a89-dc82-85d98e1ed414 -e debug false com.detoxsample.test/androidx.test.runner.AndroidJUnitRunner
Mar 22 01:33:50 detox[31806] DEBUG: [EXEC_CMD, #19] "/Users/vivek.shindhe/Library/Android/sdk/platform-tools/adb" -s LMG850EMW1f87e52c shell "ps | grep \"com\.detoxsample$\""
Mar 22 01:33:51 detox[31806] TRACE: [EXEC_SUCCESS, #19] u0_a508         321  22728 15853324 131524 0                  0 S com.detoxsample

Mar 22 01:33:51 detox[321] TRACE: [ARTIFACTS_LIFECYCLE] artifactsManager.onLaunchApp({
  deviceId: 'LMG850EMW1f87e52c',
  bundleId: 'com.detoxsample',
  launchArgs: {
    detoxServer: 'ws://localhost:63240',
    detoxSessionId: '6b22f8b4-10af-4a89-dc82-85d98e1ed414'
  },
  pid: 321
})
Mar 22 01:33:51 detox[31806] TRACE: [ARTIFACT_START] starting ADBLogcatRecording
Mar 22 01:33:51 detox[31806] DEBUG: [SPAWN_CMD, #20, cpid=31833] /Users/vivek.shindhe/Library/Android/sdk/platform-tools/adb -s LMG850EMW1f87e52c shell "logcat -T \"03-22 01:33:49.000\" --pid=321 -f /sdcard/13337611_0.log"
Mar 22 01:33:52 detox[31806] DEBUG: [EXEC_CMD, #21] "/Users/vivek.shindhe/Library/Android/sdk/platform-tools/adb" -s LMG850EMW1f87e52c shell du /sdcard/13337611_0.log
Mar 22 01:33:52 detox[31806] TRACE: [EXEC_SUCCESS, #21] 0	/sdcard/13337611_0.log

Mar 22 01:33:52 detox[31806] TRACE: [SPAWN_STDOUT, #18, cpid=31830] INSTRUMENTATION_STATUS: class=com.detoxsample.DetoxTest
Mar 22 01:33:52 detox[31806] TRACE: [SPAWN_STDOUT, #18, cpid=31830] 
INSTRUMENTATION_STATUS: current=1
INSTRUMENTATION_STATUS: id=AndroidJUnitRunner
INSTRUMENTATION_STATUS: numtests=1
INSTRUMENTATION_STATUS: stream=
com.detoxsample.DetoxTest:
INSTRUMENTATION_STATUS: test=runDetoxTests
INSTRUMENTATION_STATUS_CODE: 1

Mar 22 01:33:53 detox[31806] DEBUG: [WSS_CONNECTION, #63335] registered a new connection.
Mar 22 01:33:53 detox[31806] TRACE: [WSS_GET_FROM, #63335] {"messageId":0,"type":"login","params":{"role":"app","sessionId":"6b22f8b4-10af-4a89-dc82-85d98e1ed414"}}
Mar 22 01:33:53 detox[31806] TRACE: [WSS_SEND_TO, #app] {"messageId":0,"type":"loginSuccess","params":{"testerConnected":true,"appConnected":true}}
Mar 22 01:33:53 detox[31806] TRACE: [SESSION_JOINED] app joined session 6b22f8b4-10af-4a89-dc82-85d98e1ed414
Mar 22 01:33:53 detox[31806] TRACE: [WSS_SEND_TO, #tester] {"type":"appConnected"}
Mar 22 01:33:53 detox[31806] TRACE: [WS_MESSAGE] {"type":"appConnected"}
 
Mar 22 01:33:53 detox[31806] TRACE: [WS_SEND] {"type":"isReady","params":{},"messageId":-1000}
Mar 22 01:33:53 detox[31806] TRACE: [WSS_GET_FROM, #tester] {"type":"isReady","params":{},"messageId":-1000}
Mar 22 01:33:53 detox[31806] TRACE: [WSS_SEND_TO, #app] {"type":"isReady","params":{},"messageId":-1000}
Mar 22 01:33:54 detox[31806] TRACE: [WSS_GET_FROM, #app] {"messageId":-1000,"type":"ready","params":{}}
Mar 22 01:33:54 detox[31806] TRACE: [WSS_SEND_TO, #tester] {"messageId":-1000,"type":"ready","params":{}}
Mar 22 01:33:54 detox[31806] TRACE: [WS_MESSAGE] {"messageId":-1000,"type":"ready","params":{}}
 
Mar 22 01:33:54 detox[321] TRACE: [ARTIFACTS_LIFECYCLE] artifactsManager.onAppReady({
  deviceId: 'LMG850EMW1f87e52c',
  bundleId: 'com.detoxsample',
  pid: 321
})
Mar 22 01:33:54 detox[31806] INFO:  [1m[37mExample: [39m[22m[90mshould initialize razorpay[39m
Mar 22 01:33:54 detox[31806] TRACE: [DETOX_BEFORE_EACH] running test: "Example should initialize razorpay"
Mar 22 01:33:54 detox[31806] TRACE: [ARTIFACTS_LIFECYCLE] artifactsManager.onTestStart({
  title: 'should initialize razorpay',
  fullName: 'Example should initialize razorpay',
  status: 'running',
  invocations: 1
})
Mar 22 01:33:54 detox[31806] TRACE: [ARTIFACT_STOP] stopping ADBLogcatRecording
Mar 22 01:33:54 detox[31806] DEBUG: [EXEC_CMD, #22] "/Users/vivek.shindhe/Library/Android/sdk/platform-tools/adb" -s LMG850EMW1f87e52c shell "date +\"%m-%d %T.000\""
Mar 22 01:33:54 detox[31806] TRACE: [WSS_GET_FROM, #app] {"messageId":-1000,"type":"ready","params":{}}
Mar 22 01:33:54 detox[31806] TRACE: [WSS_SEND_TO, #tester] {"messageId":-1000,"type":"ready","params":{}}
Mar 22 01:33:54 detox[31806] TRACE: [WS_MESSAGE] {"messageId":-1000,"type":"ready","params":{}}
 
Mar 22 01:33:54 detox[31806] TRACE: [EXEC_SUCCESS, #22] 03-22 01:33:54.000

Mar 22 01:33:54 detox[31833] TRACE: [SPAWN_KILL] sending SIGINT to: /Users/vivek.shindhe/Library/Android/sdk/platform-tools/adb -s LMG850EMW1f87e52c shell logcat -T "03-22 01:33:49.000" --pid=321 -f /sdcard/13337611_0.log
Mar 22 01:33:54 detox[31806] DEBUG: [SPAWN_END, #20, cpid=31833] /Users/vivek.shindhe/Library/Android/sdk/platform-tools/adb -s LMG850EMW1f87e52c shell "logcat -T \"03-22 01:33:49.000\" --pid=321 -f /sdcard/13337611_0.log" terminated with SIGINT
Mar 22 01:33:54 detox[31806] TRACE: [ARTIFACT_START] starting ADBLogcatRecording
Mar 22 01:33:54 detox[31806] DEBUG: [SPAWN_CMD, #23, cpid=31836] /Users/vivek.shindhe/Library/Android/sdk/platform-tools/adb -s LMG850EMW1f87e52c shell "logcat -T \"03-22 01:33:54.000\" --pid=321 -f /sdcard/13337611_1.log"
Mar 22 01:33:54 detox[31806] TRACE: [WS_SEND] {"type":"invoke","params":{"target":{"type":"Class","value":"com.wix.detox.espresso.EspressoDetox"},"method":"perform","args":[{"type":"Invocation","value":{"target":{"type":"Class","value":"androidx.test.espresso.Espresso"},"method":"onView","args":[{"type":"Invocation","value":{"target":{"type":"Class","value":"com.wix.detox.espresso.DetoxMatcher"},"method":"matcherForTestId","args":["initializeRzp"]}}]}},{"type":"Invocation","value":{"target":{"type":"Class","value":"com.wix.detox.espresso.DetoxViewActions"},"method":"click","args":[]}}]},"messageId":1}
Mar 22 01:33:54 detox[31806] TRACE: [WSS_GET_FROM, #tester] {"type":"invoke","params":{"target":{"type":"Class","value":"com.wix.detox.espresso.EspressoDetox"},"method":"perform","args":[{"type":"Invocation","value":{"target":{"type":"Class","value":"androidx.test.espresso.Espresso"},"method":"onView","args":[{"type":"Invocation","value":{"target":{"type":"Class","value":"com.wix.detox.espresso.DetoxMatcher"},"method":"matcherForTestId","args":["initializeRzp"]}}]}},{"type":"Invocation","value":{"target":{"type":"Class","value":"com.wix.detox.espresso.DetoxViewActions"},"method":"click","args":[]}}]},"messageId":1}
Mar 22 01:33:54 detox[31806] TRACE: [WSS_SEND_TO, #app] {"type":"invoke","params":{"target":{"type":"Class","value":"com.wix.detox.espresso.EspressoDetox"},"method":"perform","args":[{"type":"Invocation","value":{"target":{"type":"Class","value":"androidx.test.espresso.Espresso"},"method":"onView","args":[{"type":"Invocation","value":{"target":{"type":"Class","value":"com.wix.detox.espresso.DetoxMatcher"},"method":"matcherForTestId","args":["initializeRzp"]}}]}},{"type":"Invocation","value":{"target":{"type":"Class","value":"com.wix.detox.espresso.DetoxViewActions"},"method":"click","args":[]}}]},"messageId":1}
Mar 22 01:33:54 detox[31806] DEBUG: [EXEC_CMD, #24] "/Users/vivek.shindhe/Library/Android/sdk/platform-tools/adb" -s LMG850EMW1f87e52c shell du /sdcard/13337611_1.log
Mar 22 01:33:55 detox[31806] TRACE: [EXEC_SUCCESS, #24] 0	/sdcard/13337611_1.log

Mar 22 01:33:56 detox[31806] TRACE: [WSS_GET_FROM, #app] {"messageId":1,"type":"invokeResult","params":{"result":null}}
Mar 22 01:33:56 detox[31806] TRACE: [WSS_SEND_TO, #tester] {"messageId":1,"type":"invokeResult","params":{"result":null}}
Mar 22 01:33:56 detox[31806] TRACE: [WS_MESSAGE] {"messageId":1,"type":"invokeResult","params":{"result":null}}
 
Mar 22 01:33:56 detox[31806] TRACE: [WS_SEND] {"type":"invoke","params":{"target":{"type":"Class","value":"com.wix.detox.espresso.DetoxAssertion"},"method":"assertMatcher","args":[{"type":"Invocation","value":{"target":{"type":"Class","value":"androidx.test.espresso.Espresso"},"method":"onView","args":[{"type":"Invocation","value":{"target":{"type":"Class","value":"com.wix.detox.espresso.DetoxMatcher"},"method":"matcherForText","args":["Status changes"]}}]}},{"type":"Invocation","value":{"target":{"type":"Class","value":"com.wix.detox.espresso.DetoxMatcher"},"method":"matcherForSufficientlyVisible","args":[{"type":"Integer","value":75}]}}]},"messageId":2}
Mar 22 01:33:56 detox[31806] TRACE: [WSS_GET_FROM, #tester] {"type":"invoke","params":{"target":{"type":"Class","value":"com.wix.detox.espresso.DetoxAssertion"},"method":"assertMatcher","args":[{"type":"Invocation","value":{"target":{"type":"Class","value":"androidx.test.espresso.Espresso"},"method":"onView","args":[{"type":"Invocation","value":{"target":{"type":"Class","value":"com.wix.detox.espresso.DetoxMatcher"},"method":"matcherForText","args":["Status changes"]}}]}},{"type":"Invocation","value":{"target":{"type":"Class","value":"com.wix.detox.espresso.DetoxMatcher"},"method":"matcherForSufficientlyVisible","args":[{"type":"Integer","value":75}]}}]},"messageId":2}
Mar 22 01:33:56 detox[31806] TRACE: [WSS_SEND_TO, #app] {"type":"invoke","params":{"target":{"type":"Class","value":"com.wix.detox.espresso.DetoxAssertion"},"method":"assertMatcher","args":[{"type":"Invocation","value":{"target":{"type":"Class","value":"androidx.test.espresso.Espresso"},"method":"onView","args":[{"type":"Invocation","value":{"target":{"type":"Class","value":"com.wix.detox.espresso.DetoxMatcher"},"method":"matcherForText","args":["Status changes"]}}]}},{"type":"Invocation","value":{"target":{"type":"Class","value":"com.wix.detox.espresso.DetoxMatcher"},"method":"matcherForSufficientlyVisible","args":[{"type":"Integer","value":75}]}}]},"messageId":2}
Mar 22 01:33:56 detox[31806] TRACE: [WSS_GET_FROM, #app] {"messageId":2,"type":"invokeResult","params":{"result":null}}
Mar 22 01:33:56 detox[31806] TRACE: [WSS_SEND_TO, #tester] {"messageId":2,"type":"invokeResult","params":{"result":null}}
Mar 22 01:33:56 detox[31806] TRACE: [WS_MESSAGE] {"messageId":2,"type":"invokeResult","params":{"result":null}}
 
Mar 22 01:33:56 detox[31806] TRACE: [WS_SEND] {"type":"invoke","params":{"target":{"type":"Class","value":"com.wix.detox.espresso.DetoxAssertion"},"method":"assertMatcher","args":[{"type":"Invocation","value":{"target":{"type":"Class","value":"androidx.test.espresso.Espresso"},"method":"onView","args":[{"type":"Invocation","value":{"target":{"type":"Class","value":"com.wix.detox.espresso.DetoxMatcher"},"method":"matcherForText","args":["Razorpay Initialized"]}}]}},{"type":"Invocation","value":{"target":{"type":"Class","value":"com.wix.detox.espresso.DetoxMatcher"},"method":"matcherForSufficientlyVisible","args":[{"type":"Integer","value":75}]}}]},"messageId":3}
Mar 22 01:33:56 detox[31806] TRACE: [WSS_GET_FROM, #tester] {"type":"invoke","params":{"target":{"type":"Class","value":"com.wix.detox.espresso.DetoxAssertion"},"method":"assertMatcher","args":[{"type":"Invocation","value":{"target":{"type":"Class","value":"androidx.test.espresso.Espresso"},"method":"onView","args":[{"type":"Invocation","value":{"target":{"type":"Class","value":"com.wix.detox.espresso.DetoxMatcher"},"method":"matcherForText","args":["Razorpay Initialized"]}}]}},{"type":"Invocation","value":{"target":{"type":"Class","value":"com.wix.detox.espresso.DetoxMatcher"},"method":"matcherForSufficientlyVisible","args":[{"type":"Integer","value":75}]}}]},"messageId":3}
Mar 22 01:33:56 detox[31806] TRACE: [WSS_SEND_TO, #app] {"type":"invoke","params":{"target":{"type":"Class","value":"com.wix.detox.espresso.DetoxAssertion"},"method":"assertMatcher","args":[{"type":"Invocation","value":{"target":{"type":"Class","value":"androidx.test.espresso.Espresso"},"method":"onView","args":[{"type":"Invocation","value":{"target":{"type":"Class","value":"com.wix.detox.espresso.DetoxMatcher"},"method":"matcherForText","args":["Razorpay Initialized"]}}]}},{"type":"Invocation","value":{"target":{"type":"Class","value":"com.wix.detox.espresso.DetoxMatcher"},"method":"matcherForSufficientlyVisible","args":[{"type":"Integer","value":75}]}}]},"messageId":3}
Mar 22 01:33:56 detox[31806] TRACE: [WSS_GET_FROM, #app] {"messageId":3,"type":"invokeResult","params":{"result":null}}
Mar 22 01:33:56 detox[31806] TRACE: [WSS_SEND_TO, #tester] {"messageId":3,"type":"invokeResult","params":{"result":null}}
Mar 22 01:33:56 detox[31806] TRACE: [WS_MESSAGE] {"messageId":3,"type":"invokeResult","params":{"result":null}}
 
Mar 22 01:33:56 detox[31806] TRACE: [DETOX_AFTER_EACH] passed test: "Example should initialize razorpay"
Mar 22 01:33:56 detox[31806] TRACE: [ARTIFACTS_LIFECYCLE] artifactsManager.onTestDone({
  title: 'should initialize razorpay',
  fullName: 'Example should initialize razorpay',
  status: 'passed',
  invocations: 1,
  timedOut: false
})
Mar 22 01:33:56 detox[31806] TRACE: [ARTIFACT_STOP] stopping ADBLogcatRecording
Mar 22 01:33:56 detox[31806] DEBUG: [EXEC_CMD, #25] "/Users/vivek.shindhe/Library/Android/sdk/platform-tools/adb" -s LMG850EMW1f87e52c shell "date +\"%m-%d %T.000\""
Mar 22 01:33:56 detox[31806] TRACE: [EXEC_SUCCESS, #25] 03-22 01:33:56.000

Mar 22 01:33:56 detox[31836] TRACE: [SPAWN_KILL] sending SIGINT to: /Users/vivek.shindhe/Library/Android/sdk/platform-tools/adb -s LMG850EMW1f87e52c shell logcat -T "03-22 01:33:54.000" --pid=321 -f /sdcard/13337611_1.log
Mar 22 01:33:56 detox[31806] DEBUG: [SPAWN_END, #23, cpid=31836] /Users/vivek.shindhe/Library/Android/sdk/platform-tools/adb -s LMG850EMW1f87e52c shell "logcat -T \"03-22 01:33:54.000\" --pid=321 -f /sdcard/13337611_1.log" terminated with SIGINT
Mar 22 01:33:56 detox[31806] INFO:  [1m[37mExample: [39m[22m[90mshould initialize razorpay[39m[90m [[32mOK[90m][39m
Mar 22 01:33:56 detox[31806] INFO:  [1m[37mExample: [39m[22m[90mshould pass for isValidVpa[39m
Mar 22 01:33:56 detox[31806] TRACE: [DETOX_BEFORE_EACH] running test: "Example should pass for isValidVpa"
Mar 22 01:33:56 detox[31806] TRACE: [ARTIFACTS_LIFECYCLE] artifactsManager.onTestStart({
  title: 'should pass for isValidVpa',
  fullName: 'Example should pass for isValidVpa',
  status: 'running',
  invocations: 1
})
Mar 22 01:33:56 detox[31806] TRACE: [ARTIFACT_START] starting ADBLogcatRecording
Mar 22 01:33:56 detox[31806] DEBUG: [SPAWN_CMD, #26, cpid=31839] /Users/vivek.shindhe/Library/Android/sdk/platform-tools/adb -s LMG850EMW1f87e52c shell "logcat -T \"03-22 01:33:56.000\" --pid=321 -f /sdcard/13337611_2.log"
Mar 22 01:33:56 detox[31806] TRACE: [WS_SEND] {"type":"invoke","params":{"target":{"type":"Class","value":"com.wix.detox.espresso.EspressoDetox"},"method":"perform","args":[{"type":"Invocation","value":{"target":{"type":"Class","value":"androidx.test.espresso.Espresso"},"method":"onView","args":[{"type":"Invocation","value":{"target":{"type":"Class","value":"com.wix.detox.espresso.DetoxMatcher"},"method":"matcherForTestId","args":["isValidVpa-pass"]}}]}},{"type":"Invocation","value":{"target":{"type":"Class","value":"com.wix.detox.espresso.DetoxViewActions"},"method":"click","args":[]}}]},"messageId":4}
Mar 22 01:33:56 detox[31806] TRACE: [WSS_GET_FROM, #tester] {"type":"invoke","params":{"target":{"type":"Class","value":"com.wix.detox.espresso.EspressoDetox"},"method":"perform","args":[{"type":"Invocation","value":{"target":{"type":"Class","value":"androidx.test.espresso.Espresso"},"method":"onView","args":[{"type":"Invocation","value":{"target":{"type":"Class","value":"com.wix.detox.espresso.DetoxMatcher"},"method":"matcherForTestId","args":["isValidVpa-pass"]}}]}},{"type":"Invocation","value":{"target":{"type":"Class","value":"com.wix.detox.espresso.DetoxViewActions"},"method":"click","args":[]}}]},"messageId":4}
Mar 22 01:33:56 detox[31806] TRACE: [WSS_SEND_TO, #app] {"type":"invoke","params":{"target":{"type":"Class","value":"com.wix.detox.espresso.EspressoDetox"},"method":"perform","args":[{"type":"Invocation","value":{"target":{"type":"Class","value":"androidx.test.espresso.Espresso"},"method":"onView","args":[{"type":"Invocation","value":{"target":{"type":"Class","value":"com.wix.detox.espresso.DetoxMatcher"},"method":"matcherForTestId","args":["isValidVpa-pass"]}}]}},{"type":"Invocation","value":{"target":{"type":"Class","value":"com.wix.detox.espresso.DetoxViewActions"},"method":"click","args":[]}}]},"messageId":4}
Mar 22 01:33:56 detox[31806] TRACE: [ARTIFACT_SAVE] saving ADBLogcatRecording to: artifacts/android.debug.2022-03-21 20-03-35Z/✓ Example should initialize razorpay/device.log
Mar 22 01:33:56 detox[31806] DEBUG: [EXEC_CMD, #27] "/Users/vivek.shindhe/Library/Android/sdk/platform-tools/adb" -s LMG850EMW1f87e52c pull "/sdcard/13337611_1.log" "artifacts/android.debug.2022-03-21 20-03-35Z/✓ Example should initialize razorpay/device.log"
Mar 22 01:33:56 detox[31806] TRACE: [EXEC_SUCCESS, #27] /sdcard/13337611_1.log: 1 file pulled, 0 skipped. 0.6 MB/s (6207 bytes in 0.011s)

Mar 22 01:33:56 detox[31806] DEBUG: [EXEC_CMD, #28] "/Users/vivek.shindhe/Library/Android/sdk/platform-tools/adb" -s LMG850EMW1f87e52c shell "rm  \"/sdcard/13337611_1.log\""
Mar 22 01:33:56 detox[31806] TRACE: [EXEC_SUCCESS, #28] 
Mar 22 01:33:56 detox[31806] TRACE: [ARTIFACT_SAVE] saving ADBLogcatRecording to: artifacts/android.debug.2022-03-21 20-03-35Z/LMG850EMW1f87e52c 2022-03-21 20-03-56Z.startup.log
Mar 22 01:33:56 detox[31806] DEBUG: [EXEC_CMD, #29] "/Users/vivek.shindhe/Library/Android/sdk/platform-tools/adb" -s LMG850EMW1f87e52c pull "/sdcard/13337611_0.log" "artifacts/android.debug.2022-03-21 20-03-35Z/LMG850EMW1f87e52c 2022-03-21 20-03-56Z.startup.log"
Mar 22 01:33:56 detox[31806] TRACE: [EXEC_SUCCESS, #29] /sdcard/13337611_0.log: 1 file pulled, 0 skipped. 8.9 MB/s (31914 bytes in 0.003s)

Mar 22 01:33:56 detox[31806] DEBUG: [EXEC_CMD, #30] "/Users/vivek.shindhe/Library/Android/sdk/platform-tools/adb" -s LMG850EMW1f87e52c shell "rm  \"/sdcard/13337611_0.log\""
Mar 22 01:33:56 detox[31806] TRACE: [EXEC_SUCCESS, #30] 
Mar 22 01:33:56 detox[31806] DEBUG: [EXEC_CMD, #31] "/Users/vivek.shindhe/Library/Android/sdk/platform-tools/adb" -s LMG850EMW1f87e52c shell du /sdcard/13337611_2.log
Mar 22 01:33:56 detox[31806] TRACE: [EXEC_SUCCESS, #31] 0	/sdcard/13337611_2.log

Mar 22 01:33:57 detox[31806] TRACE: [WSS_GET_FROM, #app] {"messageId":4,"type":"invokeResult","params":{"result":null}}
Mar 22 01:33:57 detox[31806] TRACE: [WSS_SEND_TO, #tester] {"messageId":4,"type":"invokeResult","params":{"result":null}}
Mar 22 01:33:57 detox[31806] TRACE: [WS_MESSAGE] {"messageId":4,"type":"invokeResult","params":{"result":null}}
 
Mar 22 01:33:57 detox[31806] TRACE: [WS_SEND] {"type":"invoke","params":{"target":{"type":"Class","value":"com.wix.detox.espresso.DetoxAssertion"},"method":"assertMatcher","args":[{"type":"Invocation","value":{"target":{"type":"Class","value":"androidx.test.espresso.Espresso"},"method":"onView","args":[{"type":"Invocation","value":{"target":{"type":"Class","value":"com.wix.detox.espresso.DetoxMatcher"},"method":"matcherForText","args":["Status changes"]}}]}},{"type":"Invocation","value":{"target":{"type":"Class","value":"com.wix.detox.espresso.DetoxMatcher"},"method":"matcherForSufficientlyVisible","args":[{"type":"Integer","value":75}]}}]},"messageId":5}
Mar 22 01:33:57 detox[31806] TRACE: [WSS_GET_FROM, #tester] {"type":"invoke","params":{"target":{"type":"Class","value":"com.wix.detox.espresso.DetoxAssertion"},"method":"assertMatcher","args":[{"type":"Invocation","value":{"target":{"type":"Class","value":"androidx.test.espresso.Espresso"},"method":"onView","args":[{"type":"Invocation","value":{"target":{"type":"Class","value":"com.wix.detox.espresso.DetoxMatcher"},"method":"matcherForText","args":["Status changes"]}}]}},{"type":"Invocation","value":{"target":{"type":"Class","value":"com.wix.detox.espresso.DetoxMatcher"},"method":"matcherForSufficientlyVisible","args":[{"type":"Integer","value":75}]}}]},"messageId":5}
Mar 22 01:33:57 detox[31806] TRACE: [WSS_SEND_TO, #app] {"type":"invoke","params":{"target":{"type":"Class","value":"com.wix.detox.espresso.DetoxAssertion"},"method":"assertMatcher","args":[{"type":"Invocation","value":{"target":{"type":"Class","value":"androidx.test.espresso.Espresso"},"method":"onView","args":[{"type":"Invocation","value":{"target":{"type":"Class","value":"com.wix.detox.espresso.DetoxMatcher"},"method":"matcherForText","args":["Status changes"]}}]}},{"type":"Invocation","value":{"target":{"type":"Class","value":"com.wix.detox.espresso.DetoxMatcher"},"method":"matcherForSufficientlyVisible","args":[{"type":"Integer","value":75}]}}]},"messageId":5}
Mar 22 01:33:57 detox[31806] TRACE: [WSS_GET_FROM, #app] {"messageId":5,"type":"invokeResult","params":{"result":null}}
Mar 22 01:33:57 detox[31806] TRACE: [WSS_SEND_TO, #tester] {"messageId":5,"type":"invokeResult","params":{"result":null}}
Mar 22 01:33:57 detox[31806] TRACE: [WS_MESSAGE] {"messageId":5,"type":"invokeResult","params":{"result":null}}
 
Mar 22 01:33:57 detox[31806] TRACE: [WS_SEND] {"type":"invoke","params":{"target":{"type":"Class","value":"com.wix.detox.espresso.DetoxAssertion"},"method":"assertMatcher","args":[{"type":"Invocation","value":{"target":{"type":"Class","value":"androidx.test.espresso.Espresso"},"method":"onView","args":[{"type":"Invocation","value":{"target":{"type":"Class","value":"com.wix.detox.espresso.DetoxMatcher"},"method":"matcherForTestId","args":["status"]}}]}},{"type":"Invocation","value":{"target":{"type":"Class","value":"com.wix.detox.espresso.DetoxMatcher"},"method":"matcherForText","args":["success"]}}]},"messageId":6}
Mar 22 01:33:57 detox[31806] TRACE: [WSS_GET_FROM, #tester] {"type":"invoke","params":{"target":{"type":"Class","value":"com.wix.detox.espresso.DetoxAssertion"},"method":"assertMatcher","args":[{"type":"Invocation","value":{"target":{"type":"Class","value":"androidx.test.espresso.Espresso"},"method":"onView","args":[{"type":"Invocation","value":{"target":{"type":"Class","value":"com.wix.detox.espresso.DetoxMatcher"},"method":"matcherForTestId","args":["status"]}}]}},{"type":"Invocation","value":{"target":{"type":"Class","value":"com.wix.detox.espresso.DetoxMatcher"},"method":"matcherForText","args":["success"]}}]},"messageId":6}
Mar 22 01:33:57 detox[31806] TRACE: [WSS_SEND_TO, #app] {"type":"invoke","params":{"target":{"type":"Class","value":"com.wix.detox.espresso.DetoxAssertion"},"method":"assertMatcher","args":[{"type":"Invocation","value":{"target":{"type":"Class","value":"androidx.test.espresso.Espresso"},"method":"onView","args":[{"type":"Invocation","value":{"target":{"type":"Class","value":"com.wix.detox.espresso.DetoxMatcher"},"method":"matcherForTestId","args":["status"]}}]}},{"type":"Invocation","value":{"target":{"type":"Class","value":"com.wix.detox.espresso.DetoxMatcher"},"method":"matcherForText","args":["success"]}}]},"messageId":6}
Mar 22 01:33:57 detox[31806] TRACE: [WSS_GET_FROM, #app] {"messageId":6,"type":"testFailed","params":{"details":"'(an instance of android.widget.TextView and view.getText() with or without transformation to match: is \"success\" and view has effective visibility <VISIBLE>)' doesn't match the selected view.\nExpected: (an instance of android.widget.TextView and view.getText() with or without transformation to match: is \"success\" and view has effective visibility <VISIBLE>)\n     Got: an instance of android.widget.TextView and view.getText() with or without transformation to match: is \"success\" was null\n"}}
Mar 22 01:33:57 detox[31806] TRACE: [WSS_SEND_TO, #tester] {"messageId":6,"type":"testFailed","params":{"details":"'(an instance of android.widget.TextView and view.getText() with or without transformation to match: is \"success\" and view has effective visibility <VISIBLE>)' doesn't match the selected view.\nExpected: (an instance of android.widget.TextView and view.getText() with or without transformation to match: is \"success\" and view has effective visibility <VISIBLE>)\n     Got: an instance of android.widget.TextView and view.getText() with or without transformation to match: is \"success\" was null\n"}}
Mar 22 01:33:57 detox[31806] TRACE: [WS_MESSAGE] {"messageId":6,"type":"testFailed","params":{"details":"'(an instance of android.widget.TextView and view.getText() with or without transformation to match: is \"success\" and view has effective visibility <VISIBLE>)' doesn't match the selected view.\nExpected: (an instance of android.widget.TextView and view.getText() with or without transformation to match: is \"success\" and view has effective visibility <VISIBLE>)\n     Got: an instance of android.widget.TextView and view.getText() with or without transformation to match: is \"success\" was null\n"}}
 
Mar 22 01:33:57 detox[31806] TRACE: [ARTIFACTS_LIFECYCLE] artifactsManager.onTestFnFailure({
  error: DetoxRuntimeError: Test Failed: '(an instance of android.widget.TextView and view.getText() with or without transformation to match: is "success" and view has effective visibility <VISIBLE>)' doesn't match the selected view.
  Expected: (an instance of android.widget.TextView and view.getText() with or without transformation to match: is "success" and view has effective visibility <VISIBLE>)
       Got: an instance of android.widget.TextView and view.getText() with or without transformation to match: is "success" was null
      at _callee3$ (/Users/vivek.shindhe/RazorpayProjects/testing_projects/DetoxSample/e2e/firstTest.e2e.js:38:44)
      at tryCatch (/Users/vivek.shindhe/RazorpayProjects/testing_projects/DetoxSample/node_modules/regenerator-runtime/runtime.js:63:40)
      at Generator.invoke [as _invoke] (/Users/vivek.shindhe/RazorpayProjects/testing_projects/DetoxSample/node_modules/regenerator-runtime/runtime.js:294:22)
      at Generator.next (/Users/vivek.shindhe/RazorpayProjects/testing_projects/DetoxSample/node_modules/regenerator-runtime/runtime.js:119:21)
      at tryCatch (/Users/vivek.shindhe/RazorpayProjects/testing_projects/DetoxSample/node_modules/regenerator-runtime/runtime.js:63:40)
      at invoke (/Users/vivek.shindhe/RazorpayProjects/testing_projects/DetoxSample/node_modules/regenerator-runtime/runtime.js:155:20)
      at /Users/vivek.shindhe/RazorpayProjects/testing_projects/DetoxSample/node_modules/regenerator-runtime/runtime.js:165:13
      at processTicksAndRejections (internal/process/task_queues.js:95:5)
})
Mar 22 01:33:57 detox[31806] TRACE: [DETOX_AFTER_EACH] failed test: "Example should pass for isValidVpa"
Mar 22 01:33:57 detox[31806] TRACE: [ARTIFACTS_LIFECYCLE] artifactsManager.onTestDone({
  title: 'should pass for isValidVpa',
  fullName: 'Example should pass for isValidVpa',
  status: 'failed',
  invocations: 1,
  timedOut: false
})
Mar 22 01:33:57 detox[31806] TRACE: [ARTIFACT_STOP] stopping ADBLogcatRecording
Mar 22 01:33:57 detox[31806] DEBUG: [EXEC_CMD, #32] "/Users/vivek.shindhe/Library/Android/sdk/platform-tools/adb" -s LMG850EMW1f87e52c shell "date +\"%m-%d %T.000\""
Mar 22 01:33:57 detox[31806] TRACE: [EXEC_SUCCESS, #32] 03-22 01:33:57.000

Mar 22 01:33:57 detox[31839] TRACE: [SPAWN_KILL] sending SIGINT to: /Users/vivek.shindhe/Library/Android/sdk/platform-tools/adb -s LMG850EMW1f87e52c shell logcat -T "03-22 01:33:56.000" --pid=321 -f /sdcard/13337611_2.log
Mar 22 01:33:57 detox[31806] DEBUG: [SPAWN_END, #26, cpid=31839] /Users/vivek.shindhe/Library/Android/sdk/platform-tools/adb -s LMG850EMW1f87e52c shell "logcat -T \"03-22 01:33:56.000\" --pid=321 -f /sdcard/13337611_2.log" terminated with SIGINT
Mar 22 01:33:57 detox[31806] INFO:  [1m[37mExample: [39m[22m[90mshould pass for isValidVpa[39m[90m [[31mFAIL[90m][39m
Mar 22 01:33:57 Example[31806] TRACE: [ARTIFACTS_LIFECYCLE] artifactsManager.onRunDescribeFinish({ name: 'Example' })
Mar 22 01:33:57 ROOT_DESCRIBE_BLOCK[31806] TRACE: [ARTIFACTS_LIFECYCLE] artifactsManager.onRunDescribeFinish({ name: 'ROOT_DESCRIBE_BLOCK' })
Mar 22 01:33:57 detox[31806] TRACE: [ARTIFACTS_LIFECYCLE] artifactsManager.onBeforeCleanup()
Mar 22 01:33:57 detox[31806] TRACE: [ARTIFACT_SAVE] saving ADBLogcatRecording to: artifacts/android.debug.2022-03-21 20-03-35Z/✗ Example should pass for isValidVpa/device.log
Mar 22 01:33:57 detox[31806] DEBUG: [EXEC_CMD, #33] "/Users/vivek.shindhe/Library/Android/sdk/platform-tools/adb" -s LMG850EMW1f87e52c pull "/sdcard/13337611_2.log" "artifacts/android.debug.2022-03-21 20-03-35Z/✗ Example should pass for isValidVpa/device.log"
Mar 22 01:33:57 detox[31806] TRACE: [EXEC_SUCCESS, #33] /sdcard/13337611_2.log: 1 file pulled, 0 skipped. 5.6 MB/s (16592 bytes in 0.003s)

Mar 22 01:33:57 detox[31806] DEBUG: [EXEC_CMD, #34] "/Users/vivek.shindhe/Library/Android/sdk/platform-tools/adb" -s LMG850EMW1f87e52c shell "rm  \"/sdcard/13337611_2.log\""
Mar 22 01:33:58 detox[31806] TRACE: [EXEC_SUCCESS, #34] 
Mar 22 01:33:58 detox[31806] TRACE: [ARTIFACT_START] starting FileArtifact
Mar 22 01:33:58 detox[31806] TRACE: [ARTIFACT_STOP] stopping FileArtifact
Mar 22 01:33:58 detox[31806] TRACE: [ARTIFACT_SAVE] saving FileArtifact to: artifacts/android.debug.2022-03-21 20-03-35Z/detox_pid_31806.json.log { append: true }
Mar 22 01:33:58 detox[31806] TRACE: [ARTIFACT_START] starting FileArtifact
Mar 22 01:33:58 detox[31806] TRACE: [ARTIFACT_STOP] stopping FileArtifact
Mar 22 01:33:58 detox[31806] TRACE: [ARTIFACT_SAVE] saving FileArtifact to: artifacts/android.debug.2022-03-21 20-03-35Z/detox_pid_31806.log { append: true }
Mar 22 01:33:58 detox[31806] DEBUG: [MOVE_FILE] moving "/private/var/folders/gr/3jbywwxx66x6q68_04cm6twh0000gq/T/a69db417-ac3e-4336-9454-4fd0c633ee6a.detox.log" to artifacts/android.debug.2022-03-21 20-03-35Z/detox_pid_31806.log
Mar 22 01:33:58 detox[31806] DEBUG: [MOVE_FILE] moving "/private/var/folders/gr/3jbywwxx66x6q68_04cm6twh0000gq/T/1bd6c88b-5532-4bda-8156-b991662661b6.detox.log" to artifacts/android.debug.2022-03-21 20-03-35Z/detox_pid_31806.json.log
Mar 22 01:33:58 detox[31806] TRACE: [WS_SEND] {"type":"cleanup","params":{"stopRunner":false},"messageId":-49642}
Mar 22 01:33:58 detox[31806] TRACE: [WSS_GET_FROM, #tester] {"type":"cleanup","params":{"stopRunner":false},"messageId":-49642}
Mar 22 01:33:58 detox[31806] TRACE: [WSS_SEND_TO, #app] {"type":"cleanup","params":{"stopRunner":false},"messageId":-49642}
Mar 22 01:33:58 detox[31806] TRACE: [WSS_GET_FROM, #app] {"messageId":-49642,"type":"cleanupDone","params":{}}
Mar 22 01:33:58 detox[31806] TRACE: [WSS_SEND_TO, #tester] {"messageId":-49642,"type":"cleanupDone","params":{}}
Mar 22 01:33:58 detox[31806] TRACE: [WS_MESSAGE] {"messageId":-49642,"type":"cleanupDone","params":{}}
 
Mar 22 01:33:58 detox[31806] TRACE: [SESSION_TORN] tester exited session 6b22f8b4-10af-4a89-dc82-85d98e1ed414
Mar 22 01:33:58 detox[31806] TRACE: [WSS_SEND_TO, #app] {"type":"testerDisconnected","messageId":-1}
Mar 22 01:33:58 detox[31830] TRACE: [SPAWN_KILL] sending SIGINT to: /Users/vivek.shindhe/Library/Android/sdk/platform-tools/adb -s LMG850EMW1f87e52c shell am instrument -w -r -e detoxServer ws://localhost:63240 -e detoxSessionId 6b22f8b4-10af-4a89-dc82-85d98e1ed414 -e debug false com.detoxsample.test/androidx.test.runner.AndroidJUnitRunner
Mar 22 01:33:58 detox[31806] DEBUG: [SPAWN_END, #18, cpid=31830] /Users/vivek.shindhe/Library/Android/sdk/platform-tools/adb -s LMG850EMW1f87e52c shell am instrument -w -r -e detoxServer ws://localhost:63240 -e detoxSessionId 6b22f8b4-10af-4a89-dc82-85d98e1ed414 -e debug false com.detoxsample.test/androidx.test.runner.AndroidJUnitRunner terminated with SIGINT
Mar 22 01:33:58 detox[31806] DEBUG: [EXEC_CMD, #35] "/Users/vivek.shindhe/Library/Android/sdk/platform-tools/adb" -s LMG850EMW1f87e52c reverse --remove tcp:63240
Mar 22 01:33:58 detox[31806] DEBUG: [WSS_CLOSE] Detox server has been closed gracefully
Mar 22 01:33:58 detox[31806] TRACE: [SESSION_TORN] app exited session 6b22f8b4-10af-4a89-dc82-85d98e1ed414
Mar 22 01:33:58 detox[31806] TRACE: [EXEC_SUCCESS, #35] 
