--------- beginning of main
03-22 18:31:59.007 17060 17060 I Detox   : Wait is over: app is now idle!
03-22 18:31:59.008 17060 17132 I DetoxWSClient: Sending out action 'ready' (ID #-1000)
03-22 18:31:59.010 17060 17132 I DetoxDispatcher: Done with action 'isReady'
03-22 18:31:59.063 17060 17134 D DetoxWSClient: Received action 'invoke' (ID #1, params={"target":{"type":"Class","value":"com.wix.detox.espresso.EspressoDetox"},"method":"perform","args":[{"type":"Invocation","value":{"target":{"type":"Class","value":"androidx.test.espresso.Espresso"},"method":"onView","args":[{"type":"Invocation","value":{"target":{"type":"Class","value":"com.wix.detox.espresso.DetoxMatcher"},"method":"matcherForTestId","args":["initRazorpay"]}}]}},{"type":"Invocation","value":{"target":{"type":"Class","value":"com.wix.detox.espresso.DetoxViewActions"},"method":"click","args":[]}}]})
03-22 18:31:59.064 17060 17132 I DetoxDispatcher: Handling action 'invoke' (ID #1)...
03-22 18:31:59.095 17060 17132 D Detox   : class com.wix.detox.espresso.DetoxMatcher, matcherForTestId, [initRazorpay]
03-22 18:31:59.128 17060 17132 D Detox   : class androidx.test.espresso.Espresso, onView, [(view.getTag() is "initRazorpay" and view has effective visibility <VISIBLE>)]
03-22 18:31:59.130 17060 17132 D Detox   : class com.wix.detox.espresso.DetoxViewActions, click, []
03-22 18:31:59.134 17060 17132 W com.detoxsampl: Accessing hidden method Landroid/view/ViewConfiguration;->getDoubleTapMinTime()I (unsupported, reflection, allowed)
03-22 18:31:59.148 17060 17132 D Detox   : class com.wix.detox.espresso.EspressoDetox, perform, [androidx.test.espresso.ViewInteraction@56c0ed4, com.wix.detox.espresso.action.RNClickAction@77f187d]
03-22 18:31:59.166 17060 17060 W com.detoxsampl: Accessing hidden method Landroid/view/WindowManagerGlobal;->getInstance()Landroid/view/WindowManagerGlobal; (unsupported, reflection, allowed)
03-22 18:31:59.166 17060 17060 W com.detoxsampl: Accessing hidden field Landroid/view/WindowManagerGlobal;->mViews:Ljava/util/ArrayList; (unsupported, reflection, allowed)
03-22 18:31:59.166 17060 17060 W com.detoxsampl: Accessing hidden field Landroid/view/WindowManagerGlobal;->mParams:Ljava/util/ArrayList; (unsupported, reflection, allowed)
03-22 18:31:59.177 17060 17060 I ViewInteraction: Performing 'com.wix.detox.espresso.action.detoxsingletap@4d253c3 click' action on view (view.getTag() is "initRazorpay" and view has effective visibility <VISIBLE>)
03-22 18:31:59.216 17060 17060 I Detox   : UIManagerModule is busy
03-22 18:31:59.236 17060 17121 D EGL_emulation: app_time_stats: avg=296.81ms min=3.45ms max=845.45ms count=4
03-22 18:31:59.239 17060 17135 I ReactNativeJS: clicked
03-22 18:31:59.615 17060 17060 I Detox   : AnimatedModule is busy.
03-22 18:31:59.624 17060 17060 I Detox   : AnimatedModule is busy.
03-22 18:31:59.634 17060 17060 I Detox   : AnimatedModule is busy.
03-22 18:31:59.646 17060 17060 I Detox   : AnimatedModule is busy.
03-22 18:31:59.664 17060 17060 I Detox   : AnimatedModule is busy.
03-22 18:31:59.680 17060 17060 I Detox   : AnimatedModule is busy.
03-22 18:31:59.695 17060 17060 I Detox   : AnimatedModule is busy.
03-22 18:31:59.713 17060 17060 I Detox   : AnimatedModule is busy.
03-22 18:31:59.730 17060 17060 I Detox   : AnimatedModule is busy.
03-22 18:31:59.745 17060 17060 I Detox   : AnimatedModule is busy.
03-22 18:31:59.763 17060 17060 I Detox   : AnimatedModule is busy.
03-22 18:31:59.779 17060 17060 I Detox   : AnimatedModule is busy.
03-22 18:31:59.795 17060 17060 I Detox   : AnimatedModule is busy.
03-22 18:32:00.206 17060 17132 I DetoxWSClient: Sending out action 'invokeResult' (ID #1)
03-22 18:32:00.207 17060 17132 I DetoxDispatcher: Done with action 'invoke'
03-22 18:32:00.214 17060 17134 D DetoxWSClient: Received action 'invoke' (ID #2, params={"target":{"type":"Class","value":"com.wix.detox.espresso.DetoxAssertion"},"method":"assertMatcher","args":[{"type":"Invocation","value":{"target":{"type":"Class","value":"androidx.test.espresso.Espresso"},"method":"onView","args":[{"type":"Invocation","value":{"target":{"type":"Class","value":"com.wix.detox.espresso.DetoxMatcher"},"method":"matcherForText","args":["Razorpay Initialized"]}}]}},{"type":"Invocation","value":{"target":{"type":"Class","value":"com.wix.detox.espresso.DetoxMatcher"},"method":"matcherForSufficientlyVisible","args":[{"type":"Integer","value":75}]}}]})
03-22 18:32:00.215 17060 17132 I DetoxDispatcher: Handling action 'invoke' (ID #2)...
03-22 18:32:00.215 17060 17132 D Detox   : class com.wix.detox.espresso.DetoxMatcher, matcherForText, [Razorpay Initialized]
03-22 18:32:00.218 17060 17132 D Detox   : class androidx.test.espresso.Espresso, onView, [(an instance of android.widget.TextView and view.getText() with or without transformation to match: is "Razorpay Initialized" and view has effective visibility <VISIBLE>)]
03-22 18:32:00.219 17060 17132 D Detox   : class com.wix.detox.espresso.DetoxMatcher, matcherForSufficientlyVisible, [75]
03-22 18:32:00.221 17060 17132 D Detox   : class com.wix.detox.espresso.DetoxAssertion, assertMatcher, [androidx.test.espresso.ViewInteraction@7f526bf, (view has effective visibility <VISIBLE> and view.getGlobalVisibleRect() covers at least <75> percent of the view's area)]
03-22 18:32:00.231 17060 17060 I ViewInteraction: Checking 'MatchesViewAssertion(Detox){viewMatcher=(view has effective visibility <VISIBLE> and view.getGlobalVisibleRect() covers at least <75> percent of the view's area)}' assertion on view (an instance of android.widget.TextView and view.getText() with or without transformation to match: is "Razorpay Initialized" and view has effective visibility <VISIBLE>)
03-22 18:32:00.233 17060 17132 I DetoxWSClient: Sending out action 'invokeResult' (ID #2)
03-22 18:32:00.233 17060 17132 I DetoxDispatcher: Done with action 'invoke'
