Mar 22 00:41:18 detox[28903] TRACE: [DETOX_CREATE] created a Detox instance with config:
{
  appsConfig: {
    default: {
      type: 'android.apk',
      binaryPath: 'android/app/build/outputs/apk/debug/app-debug.apk',
      build: 'cd android && ./gradlew assembleDebug assembleAndroidTest -DtestBuildType=debug && cd ..'
    }
  },
  artifactsConfig: {
    rootDir: 'artifacts/android.debug.2022-03-21 19-11-17Z',
    plugins: {
      log: {
        enabled: true,
        keepOnlyFailedTestsArtifacts: false
      },
      screenshot: {
        enabled: true,
        shouldTakeAutomaticSnapshots: false,
        keepOnlyFailedTestsArtifacts: false
      },
      video: {
        enabled: false,
        keepOnlyFailedTestsArtifacts: false
      },
      instruments: {
        enabled: false,
        keepOnlyFailedTestsArtifacts: false
      },
      timeline: {
        enabled: false
      },
      uiHierarchy: {
        enabled: false,
        keepOnlyFailedTestsArtifacts: false
      }
    },
    pathBuilder: ArtifactPathBuilder {
      _rootDir: 'artifacts/android.debug.2022-03-21 19-11-17Z'
    }
  },
  behaviorConfig: {
    init: {
      reinstallApp: true,
      exposeGlobals: true
    },
    cleanup: {
      shutdownDevice: false
    },
    launchApp: 'auto'
  },
  cliConfig: {
    recordLogs: 'all',
    configuration: 'android.debug',
    useCustomLogger: true
  },
  configurationName: 'android.debug',
  deviceConfig: {
    type: 'android.attached',
    device: {
      adbName: 'LMG850EMW1f87e52c'
    }
  },
  runnerConfig: {
    testRunner: 'jest',
    runnerConfig: 'e2e/config.json',
    specs: 'e2e',
    skipLegacyWorkersInjection: false
  },
  sessionConfig: {
    autoStart: true,
    sessionId: 'f1dc7a7d-7932-de6b-693c-f50003894061',
    debugSynchronization: 10000
  }
}
Mar 22 00:41:18 detox[28903] DEBUG: [WSS_CREATE] Detox server listening on localhost:54997...
Mar 22 00:41:18 detox[28903] DEBUG: [WSS_CONNECTION, #54998] registered a new connection.
Mar 22 00:41:18 detox[28903] TRACE: [WS_OPEN] opened web socket to: ws://localhost:54997
Mar 22 00:41:18 detox[28903] TRACE: [WS_SEND] {"type":"login","params":{"sessionId":"f1dc7a7d-7932-de6b-693c-f50003894061","role":"tester"},"messageId":0}
Mar 22 00:41:18 detox[28903] TRACE: [WSS_GET_FROM, #54998] {"type":"login","params":{"sessionId":"f1dc7a7d-7932-de6b-693c-f50003894061","role":"tester"},"messageId":0}
Mar 22 00:41:18 detox[28903] TRACE: [SESSION_CREATED] created session f1dc7a7d-7932-de6b-693c-f50003894061
Mar 22 00:41:18 detox[28903] TRACE: [WSS_SEND_TO, #tester] {"type":"loginSuccess","params":{"testerConnected":true,"appConnected":false},"messageId":0}
Mar 22 00:41:18 detox[28903] TRACE: [SESSION_JOINED] tester joined session f1dc7a7d-7932-de6b-693c-f50003894061
Mar 22 00:41:18 detox[28903] TRACE: [WS_MESSAGE] {"type":"loginSuccess","params":{"testerConnected":true,"appConnected":false},"messageId":0}
 
Mar 22 00:41:19 detox[28903] DEBUG: [EXEC_CMD, #0] "/Users/vivek.shindhe/Library/Android/sdk/platform-tools/adb"  devices
Mar 22 00:41:19 detox[28903] DEBUG: [EXEC_SUCCESS, #0] List of devices attached
LMG850EMW1f87e52c	device


Mar 22 00:41:19 detox[28903] DEBUG: [DEVICE_LOOKUP] Found a matching & free device LMG850EMW1f87e52c
Mar 22 00:41:19 detox[28903] DEBUG: [EXEC_CMD, #1] "/Users/vivek.shindhe/Library/Android/sdk/platform-tools/adb" -s LMG850EMW1f87e52c shell "getprop ro.build.version.sdk"
Mar 22 00:41:19 detox[28903] TRACE: [EXEC_SUCCESS, #1] 30

Mar 22 00:41:19 detox[28903] DEBUG: [EXEC_CMD, #2] "/Users/vivek.shindhe/Library/Android/sdk/platform-tools/adb" -s LMG850EMW1f87e52c shell "dumpsys power | grep \"^[ ]*m[UW].*=\""
Mar 22 00:41:19 detox[28903] TRACE: [EXEC_SUCCESS, #2]   mWakefulnessRaw=Awake
  mWakefulnessChanging=false
  mWakeLockSummary=0x1
  mUserActivitySummary=0x1
  mWakeUpWhenPluggedOrUnpluggedConfig=true
  mWakeUpWhenPluggedOrUnpluggedInTheaterModeConfig=false
  mUserActivityTimeoutOverrideFromWindowManager=-1
  mUserInactiveOverrideFromWindowManager=false
  mUserId=0
  mWakefulness=Asleep
  mWakefulnessChanging=false
  mWakeLockSummary=0x0
  mUserActivitySummary=0x0

Mar 22 00:41:19 detox[28903] DEBUG: [EXEC_CMD, #3] "/Users/vivek.shindhe/Library/Android/sdk/platform-tools/adb" -s LMG850EMW1f87e52c shell "input keyevent KEYCODE_POWER"
Mar 22 00:41:21 detox[28903] TRACE: [EXEC_SUCCESS, #3] 
Mar 22 00:41:21 detox[28903] TRACE: [ARTIFACTS_LIFECYCLE] artifactsManager.onBootDevice({ deviceId: 'LMG850EMW1f87e52c', type: 'device', coldBoot: false })
Mar 22 00:41:21 detox[28903] DEBUG: [EXEC_CMD, #4] "/Users/vivek.shindhe/Library/Android/sdk/build-tools/31.0.0/aapt" dump badging "/Users/vivek.shindhe/RazorpayProjects/testing_projects/DetoxSample/android/app/build/outputs/apk/debug/app-debug.apk"
Mar 22 00:41:21 detox[28903] TRACE: [EXEC_SUCCESS, #4] package: name='com.detoxsample' versionCode='1' versionName='1.0' compileSdkVersion='30' compileSdkVersionCodename='11'
sdkVersion:'21'
targetSdkVersion:'30'
uses-permission: name='android.permission.SYSTEM_ALERT_WINDOW'
uses-permission: name='android.permission.INTERNET'
uses-permission: name='android.permission.ACCESS_WIFI_STATE'
uses-permission: name='android.permission.ACCESS_NETWORK_STATE'
application-label:'DetoxSample'
application-label-af:'DetoxSample'
application-label-am:'DetoxSample'
application-label-ar:'DetoxSample'
application-label-as:'DetoxSample'
application-label-az:'DetoxSample'
application-label-be:'DetoxSample'
application-label-bg:'DetoxSample'
application-label-bn:'DetoxSample'
application-label-bs:'DetoxSample'
application-label-ca:'DetoxSample'
application-label-cs:'DetoxSample'
application-label-da:'DetoxSample'
application-label-de:'DetoxSample'
application-label-el:'DetoxSample'
application-label-en-AU:'DetoxSample'
application-label-en-CA:'DetoxSample'
application-label-en-GB:'DetoxSample'
application-label-en-IN:'DetoxSample'
application-label-en-SG:'DetoxSample'
application-label-en-XC:'DetoxSample'
application-label-es:'DetoxSample'
application-label-es-419:'DetoxSample'
application-label-es-US:'DetoxSample'
application-label-et:'DetoxSample'
application-label-eu:'DetoxSample'
application-label-fa:'DetoxSample'
application-label-fi:'DetoxSample'
application-label-fil:'DetoxSample'
application-label-fr:'DetoxSample'
application-label-fr-CA:'DetoxSample'
application-label-gl:'DetoxSample'
application-label-gu:'DetoxSample'
application-label-hi:'DetoxSample'
application-label-hr:'DetoxSample'
application-label-hu:'DetoxSample'
application-label-hy:'DetoxSample'
application-label-id:'DetoxSample'
application-label-in:'DetoxSample'
application-label-is:'DetoxSample'
application-label-it:'DetoxSample'
application-label-iw:'DetoxSample'
application-label-ja:'DetoxSample'
application-label-ka:'DetoxSample'
application-label-kk:'DetoxSample'
application-label-km:'DetoxSample'
application-label-kn:'DetoxSample'
application-label-ko:'DetoxSample'
application-label-ky:'DetoxSample'
application-label-lo:'DetoxSample'
application-label-lt:'DetoxSample'
application-label-lv:'DetoxSample'
application-label-mk:'DetoxSample'
application-label-ml:'DetoxSample'
application-label-mn:'DetoxSample'
application-label-mr:'DetoxSample'
application-label-ms:'DetoxSample'
application-label-my:'DetoxSample'
application-label-nb:'DetoxSample'
application-label-ne:'DetoxSample'
application-label-nl:'DetoxSample'
application-label-or:'DetoxSample'
application-label-pa:'DetoxSample'
application-label-pl:'DetoxSample'
application-label-pt:'DetoxSample'
application-label-pt-BR:'DetoxSample'
application-label-pt-PT:'DetoxSample'
application-label-ro:'DetoxSample'
application-label-ru:'DetoxSample'
application-label-si:'DetoxSample'
application-label-sk:'DetoxSample'
application-label-sl:'DetoxSample'
application-label-sq:'DetoxSample'
application-label-sr:'DetoxSample'
application-label-sr-Latn:'DetoxSample'
application-label-sv:'DetoxSample'
application-label-sw:'DetoxSample'
application-label-ta:'DetoxSample'
application-label-te:'DetoxSample'
application-label-th:'DetoxSample'
application-label-tl:'DetoxSample'
application-label-tr:'DetoxSample'
application-label-uk:'DetoxSample'
application-label-ur:'DetoxSample'
application-label-uz:'DetoxSample'
application-label-vi:'DetoxSample'
application-label-zh-CN:'DetoxSample'
application-label-zh-HK:'DetoxSample'
application-label-zh-TW:'DetoxSample'
application-label-zu:'DetoxSample'
application-icon-120:'res/mipmap-mdpi-v4/ic_launcher.png'
application-icon-160:'res/mipmap-mdpi-v4/ic_launcher.png'
application-icon-240:'res/mipmap-hdpi-v4/ic_launcher.png'
application-icon-320:'res/mipmap-xhdpi-v4/ic_launcher.png'
application-icon-480:'res/mipmap-xxhdpi-v4/ic_launcher.png'
application-icon-640:'res/mipmap-xxxhdpi-v4/ic_launcher.png'
application-icon-65534:'res/mipmap-mdpi-v4/ic_launcher.png'
application: label='DetoxSample' icon='res/mipmap-mdpi-v4/ic_launcher.png'
application-debuggable
launchable-activity: name='com.detoxsample.MainActivity'  label='DetoxSample' icon=''
uses-library-not-required:'org.apache.http.legacy'
feature-group: label=''
  uses-gl-es: '0x20000'
  uses-feature: name='android.hardware.faketouch'
  uses-implied-feature: name='android.hardware.faketouch' reason='default feature for all apps'
  uses-feature: name='android.hardware.wifi'
  uses-implied-feature: name='android.hardware.wifi' reason='requested android.permission.ACCESS_WIFI_STATE permission'
main
other-activities
other-services
supports-screens: 'small' 'normal' 'large' 'xlarge'
supports-any-density: 'true'
locales: '--_--' 'af' 'am' 'ar' 'as' 'az' 'be' 'bg' 'bn' 'bs' 'ca' 'cs' 'da' 'de' 'el' 'en-AU' 'en-CA' 'en-GB' 'en-IN' 'en-SG' 'en-XC' 'es' 'es-419' 'es-US' 'et' 'eu' 'fa' 'fi' 'fil' 'fr' 'fr-CA' 'gl' 'gu' 'hi' 'hr' 'hu' 'hy' 'id' 'in' 'is' 'it' 'iw' 'ja' 'ka' 'kk' 'km' 'kn' 'ko' 'ky' 'lo' 'lt' 'lv' 'mk' 'ml' 'mn' 'mr' 'ms' 'my' 'nb' 'ne' 'nl' 'or' 'pa' 'pl' 'pt' 'pt-BR' 'pt-PT' 'ro' 'ru' 'si' 'sk' 'sl' 'sq' 'sr' 'sr-Latn' 'sv' 'sw' 'ta' 'te' 'th' 'tl' 'tr' 'uk' 'ur' 'uz' 'vi' 'zh-CN' 'zh-HK' 'zh-TW' 'zu'
densities: '120' '160' '240' '320' '480' '640' '65534'
native-code: 'arm64-v8a' 'armeabi-v7a' 'x86' 'x86_64'

Mar 22 00:41:21 detox[28903] TRACE: [ARTIFACTS_LIFECYCLE] artifactsManager.onBeforeTerminateApp({ deviceId: 'LMG850EMW1f87e52c', bundleId: 'com.detoxsample' })
Mar 22 00:41:21 detox[28903] DEBUG: [EXEC_CMD, #5] "/Users/vivek.shindhe/Library/Android/sdk/platform-tools/adb" -s LMG850EMW1f87e52c shell "am force-stop com.detoxsample"
Mar 22 00:41:21 detox[28903] TRACE: [EXEC_SUCCESS, #5] 
Mar 22 00:41:21 detox[28903] TRACE: [ARTIFACTS_LIFECYCLE] artifactsManager.onTerminateApp({ deviceId: 'LMG850EMW1f87e52c', bundleId: 'com.detoxsample' })
Mar 22 00:41:21 detox[28903] TRACE: [ARTIFACTS_LIFECYCLE] artifactsManager.onBeforeUninstallApp({ deviceId: 'LMG850EMW1f87e52c', bundleId: 'com.detoxsample' })
Mar 22 00:41:21 detox[28903] DEBUG: [EXEC_CMD, #6] "/Users/vivek.shindhe/Library/Android/sdk/platform-tools/adb" -s LMG850EMW1f87e52c shell "pm list packages com.detoxsample"
Mar 22 00:41:21 detox[28903] TRACE: [EXEC_SUCCESS, #6] package:com.detoxsample.test
package:com.detoxsample

Mar 22 00:41:21 detox[28903] DEBUG: [EXEC_CMD, #7] "/Users/vivek.shindhe/Library/Android/sdk/platform-tools/adb" -s LMG850EMW1f87e52c uninstall com.detoxsample
Mar 22 00:41:22 detox[28903] TRACE: [EXEC_SUCCESS, #7] Success

Mar 22 00:41:22 detox[28903] DEBUG: [EXEC_CMD, #8] "/Users/vivek.shindhe/Library/Android/sdk/platform-tools/adb" -s LMG850EMW1f87e52c shell "pm list packages com.detoxsample.test"
Mar 22 00:41:22 detox[28903] TRACE: [EXEC_SUCCESS, #8] package:com.detoxsample.test

Mar 22 00:41:22 detox[28903] DEBUG: [EXEC_CMD, #9] "/Users/vivek.shindhe/Library/Android/sdk/platform-tools/adb" -s LMG850EMW1f87e52c uninstall com.detoxsample.test
Mar 22 00:41:23 detox[28903] TRACE: [EXEC_SUCCESS, #9] Success

Mar 22 00:41:23 detox[28903] DEBUG: [EXEC_CMD, #10] "/Users/vivek.shindhe/Library/Android/sdk/build-tools/31.0.0/aapt" dump xmlstrings "/Users/vivek.shindhe/RazorpayProjects/testing_projects/DetoxSample/android/app/build/outputs/apk/debug/app-debug.apk" AndroidManifest.xml
Mar 22 00:41:23 detox[28903] TRACE: [EXEC_SUCCESS, #10] String pool of 77 unique UTF-16 non-sorted strings, 77 entries and 0 styles using 3480 bytes:
String #0: theme
String #1: label
String #2: icon
String #3: name
String #4: permission
String #5: debuggable
String #6: exported
String #7: excludeFromRecents
String #8: launchMode
String #9: configChanges
String #10: value
String #11: mimeType
String #12: scheme
String #13: host
String #14: minSdkVersion
String #15: versionCode
String #16: versionName
String #17: windowSoftInputMode
String #18: targetSdkVersion
String #19: allowBackup
String #20: glEsVersion
String #21: required
String #22: usesCleartextTraffic
String #23: networkSecurityConfig
String #24: roundIcon
String #25: compileSdkVersion
String #26: compileSdkVersionCodename
String #27: appComponentFactory
String #28: *
String #29: */*
String #30: 1.0
String #31: 11
String #32: action
String #33: activity
String #34: android
String #35: android.intent.action.MAIN
String #36: android.intent.action.SEND
String #37: android.intent.action.VIEW
String #38: android.intent.category.BROWSABLE
String #39: android.intent.category.LAUNCHER
String #40: android.permission.ACCESS_NETWORK_STATE
String #41: android.permission.ACCESS_WIFI_STATE
String #42: android.permission.INTERNET
String #43: android.permission.SYSTEM_ALERT_WINDOW
String #44: androidx.core.app.CoreComponentFactory
String #45: application
String #46: category
String #47: com.detoxsample
String #48: com.detoxsample.MainActivity
String #49: com.detoxsample.MainApplication
String #50: com.facebook.react.devsupport.DevSettingsActivity
String #51: com.google.android.gms.auth.api.signin.RevocationBoundService
String #52: com.google.android.gms.auth.api.signin.internal.SignInHubActivity
String #53: com.google.android.gms.auth.api.signin.permission.REVOCATION_NOTIFICATION
String #54: com.google.android.gms.common.api.GoogleApiActivity
String #55: com.google.android.gms.version
String #56: com.razorpay.RzpGpayMerged
String #57: com.razorpay.plugin.googlepay_all
String #58: com.razorpay.rn.RazorpayPaymentActivity
String #59: data
String #60: http://schemas.android.com/apk/res/android
String #61: intent
String #62: intent-filter
String #63: manifest
String #64: meta-data
String #65: org.apache.http.legacy
String #66: package
String #67: pay
String #68: platformBuildVersionCode
String #69: platformBuildVersionName
String #70: queries
String #71: service
String #72: upi
String #73: uses-feature
String #74: uses-library
String #75: uses-permission
String #76: uses-sdk

Mar 22 00:41:23 detox[28903] DEBUG: [EXEC_CMD, #11] "/Users/vivek.shindhe/Library/Android/sdk/build-tools/31.0.0/aapt" dump xmlstrings "/Users/vivek.shindhe/RazorpayProjects/testing_projects/DetoxSample/android/app/build/outputs/apk/androidTest/debug/app-debug-androidTest.apk" AndroidManifest.xml
Mar 22 00:41:23 detox[28903] TRACE: [EXEC_SUCCESS, #11] String pool of 41 unique UTF-16 non-sorted strings, 41 entries and 0 styles using 2032 bytes:
String #0: theme
String #1: label
String #2: name
String #3: debuggable
String #4: exported
String #5: targetPackage
String #6: handleProfiling
String #7: functionalTest
String #8: minSdkVersion
String #9: targetSdkVersion
String #10: compileSdkVersion
String #11: compileSdkVersionCodename
String #12: 11
String #13: Tests for com.detoxsample
String #14: action
String #15: activity
String #16: android
String #17: android.intent.action.MAIN
String #18: android.permission.REORDER_TASKS
String #19: android.test.runner
String #20: androidx.test.core.app.InstrumentationActivityInvoker$BootstrapActivity
String #21: androidx.test.core.app.InstrumentationActivityInvoker$EmptyActivity
String #22: androidx.test.core.app.InstrumentationActivityInvoker$EmptyFloatingActivity
String #23: androidx.test.orchestrator
String #24: androidx.test.runner.AndroidJUnitRunner
String #25: androidx.test.services
String #26: application
String #27: com.detoxsample
String #28: com.detoxsample.test
String #29: com.google.android.apps.common.testing.services
String #30: http://schemas.android.com/apk/res/android
String #31: instrumentation
String #32: intent-filter
String #33: manifest
String #34: package
String #35: platformBuildVersionCode
String #36: platformBuildVersionName
String #37: queries
String #38: uses-library
String #39: uses-permission
String #40: uses-sdk

Mar 22 00:41:23 detox[28903] DEBUG: [SPAWN_CMD, #12, cpid=28920] /Users/vivek.shindhe/Library/Android/sdk/platform-tools/adb -s LMG850EMW1f87e52c install -r -g -t /Users/vivek.shindhe/RazorpayProjects/testing_projects/DetoxSample/android/app/build/outputs/apk/debug/app-debug.apk
Mar 22 00:41:29 detox[28903] TRACE: [SPAWN_STDOUT, #12, cpid=28920] Performing Streamed Install
Success

Mar 22 00:41:29 detox[28903] DEBUG: [SPAWN_END, #12, cpid=28920] /Users/vivek.shindhe/Library/Android/sdk/platform-tools/adb -s LMG850EMW1f87e52c install -r -g -t /Users/vivek.shindhe/RazorpayProjects/testing_projects/DetoxSample/android/app/build/outputs/apk/debug/app-debug.apk exited with code #0
Mar 22 00:41:29 detox[28903] DEBUG: [SPAWN_CMD, #13, cpid=28922] /Users/vivek.shindhe/Library/Android/sdk/platform-tools/adb -s LMG850EMW1f87e52c install -r -g -t /Users/vivek.shindhe/RazorpayProjects/testing_projects/DetoxSample/android/app/build/outputs/apk/androidTest/debug/app-debug-androidTest.apk
Mar 22 00:41:30 detox[28903] TRACE: [SPAWN_STDOUT, #13, cpid=28922] Performing Streamed Install
Success

Mar 22 00:41:30 detox[28903] DEBUG: [SPAWN_END, #13, cpid=28922] /Users/vivek.shindhe/Library/Android/sdk/platform-tools/adb -s LMG850EMW1f87e52c install -r -g -t /Users/vivek.shindhe/RazorpayProjects/testing_projects/DetoxSample/android/app/build/outputs/apk/androidTest/debug/app-debug-androidTest.apk exited with code #0
Mar 22 00:41:30 ROOT_DESCRIBE_BLOCK[28903] TRACE: [ARTIFACTS_LIFECYCLE] artifactsManager.onRunDescribeStart({ name: 'ROOT_DESCRIBE_BLOCK' })
Mar 22 00:41:30 Example[28903] TRACE: [ARTIFACTS_LIFECYCLE] artifactsManager.onRunDescribeStart({ name: 'Example' })
Mar 22 00:41:30 detox[28903] INFO:  [97mExample[39m is assigned to [94mAttachedDevice:LMG850EMW1f87e52c[39m
Mar 22 00:41:30 detox[28903] TRACE: [ARTIFACTS_LIFECYCLE] artifactsManager.onBeforeTerminateApp({ deviceId: 'LMG850EMW1f87e52c', bundleId: 'com.detoxsample' })
Mar 22 00:41:30 detox[28903] DEBUG: [EXEC_CMD, #14] "/Users/vivek.shindhe/Library/Android/sdk/platform-tools/adb" -s LMG850EMW1f87e52c shell "am force-stop com.detoxsample"
Mar 22 00:41:30 detox[28903] TRACE: [EXEC_SUCCESS, #14] 
Mar 22 00:41:30 detox[28903] TRACE: [ARTIFACTS_LIFECYCLE] artifactsManager.onTerminateApp({ deviceId: 'LMG850EMW1f87e52c', bundleId: 'com.detoxsample' })
Mar 22 00:41:30 detox[28903] TRACE: [ARTIFACTS_LIFECYCLE] artifactsManager.onBeforeLaunchApp({
  deviceId: 'LMG850EMW1f87e52c',
  bundleId: 'com.detoxsample',
  launchArgs: {
    detoxServer: 'ws://localhost:54997',
    detoxSessionId: 'f1dc7a7d-7932-de6b-693c-f50003894061'
  }
})
Mar 22 00:41:30 detox[28903] DEBUG: [EXEC_CMD, #15] "/Users/vivek.shindhe/Library/Android/sdk/platform-tools/adb" -s LMG850EMW1f87e52c shell "date +\"%m-%d %T.000\""
Mar 22 00:41:30 detox[28903] TRACE: [EXEC_SUCCESS, #15] 03-22 00:41:30.000

Mar 22 00:41:30 detox[28903] DEBUG: [EXEC_CMD, #16] "/Users/vivek.shindhe/Library/Android/sdk/platform-tools/adb" -s LMG850EMW1f87e52c reverse tcp:54997 tcp:54997
Mar 22 00:41:30 detox[28903] TRACE: [EXEC_SUCCESS, #16] 54997

Mar 22 00:41:30 detox[28903] DEBUG: [EXEC_CMD, #17] "/Users/vivek.shindhe/Library/Android/sdk/platform-tools/adb" -s LMG850EMW1f87e52c shell "pm list instrumentation"
Mar 22 00:41:31 detox[28903] TRACE: [EXEC_SUCCESS, #17] instrumentation:com.detoxsample.test/androidx.test.runner.AndroidJUnitRunner (target=com.detoxsample)
instrumentation:com.lge.cic.eden.service/android.test.InstrumentationTestRunner (target=com.lge.cic.eden.service)
instrumentation:com.microsoft.office.word/android.test.InstrumentationTestRunner (target=com.microsoft.office.msohttp.tests)
instrumentation:com.razorpay.customcheckoutrzpsample.test/androidx.test.runner.AndroidJUnitRunner (target=com.razorpay.customcheckoutrzpsample)

Mar 22 00:41:31 detox[28903] DEBUG: [SPAWN_CMD, #18, cpid=28927] /Users/vivek.shindhe/Library/Android/sdk/platform-tools/adb -s LMG850EMW1f87e52c shell am instrument -w -r -e detoxServer ws://localhost:54997 -e detoxSessionId f1dc7a7d-7932-de6b-693c-f50003894061 -e debug false com.detoxsample.test/androidx.test.runner.AndroidJUnitRunner
Mar 22 00:41:31 detox[28903] DEBUG: [EXEC_CMD, #19] "/Users/vivek.shindhe/Library/Android/sdk/platform-tools/adb" -s LMG850EMW1f87e52c shell "ps | grep \"com\.detoxsample$\""
Mar 22 00:41:32 detox[28903] TRACE: [EXEC_SUCCESS, #19] u0_a466       12387  22728 15836584 131392 0                  0 S com.detoxsample

Mar 22 00:41:32 detox[12387] TRACE: [ARTIFACTS_LIFECYCLE] artifactsManager.onLaunchApp({
  deviceId: 'LMG850EMW1f87e52c',
  bundleId: 'com.detoxsample',
  launchArgs: {
    detoxServer: 'ws://localhost:54997',
    detoxSessionId: 'f1dc7a7d-7932-de6b-693c-f50003894061'
  },
  pid: 12387
})
Mar 22 00:41:32 detox[28903] TRACE: [ARTIFACT_START] starting ADBLogcatRecording
Mar 22 00:41:32 detox[28903] DEBUG: [SPAWN_CMD, #20, cpid=28930] /Users/vivek.shindhe/Library/Android/sdk/platform-tools/adb -s LMG850EMW1f87e52c shell "logcat -T \"03-22 00:41:30.000\" --pid=12387 -f /sdcard/041197_0.log"
Mar 22 00:41:33 detox[28903] DEBUG: [EXEC_CMD, #21] "/Users/vivek.shindhe/Library/Android/sdk/platform-tools/adb" -s LMG850EMW1f87e52c shell du /sdcard/041197_0.log
Mar 22 00:41:33 detox[28903] TRACE: [EXEC_SUCCESS, #21] 0	/sdcard/041197_0.log

Mar 22 00:41:33 detox[28903] TRACE: [SPAWN_STDOUT, #18, cpid=28927] INSTRUMENTATION_STATUS: class=com.detoxsample.DetoxTest
INSTRUMENTATION_STATUS: current=1
INSTRUMENTATION_STATUS: id=AndroidJUnitRunner
INSTRUMENTATION_STATUS: numtests=1
INSTRUMENTATION_STATUS: stream=
com.detoxsample.DetoxTest:
INSTRUMENTATION_STATUS: test=runDetoxTests
INSTRUMENTATION_STATUS_CODE: 1

Mar 22 00:41:34 detox[28903] DEBUG: [WSS_CONNECTION, #55092] registered a new connection.
Mar 22 00:41:34 detox[28903] TRACE: [WSS_GET_FROM, #55092] {"messageId":0,"type":"login","params":{"role":"app","sessionId":"f1dc7a7d-7932-de6b-693c-f50003894061"}}
Mar 22 00:41:34 detox[28903] TRACE: [WSS_SEND_TO, #app] {"messageId":0,"type":"loginSuccess","params":{"testerConnected":true,"appConnected":true}}
Mar 22 00:41:34 detox[28903] TRACE: [SESSION_JOINED] app joined session f1dc7a7d-7932-de6b-693c-f50003894061
Mar 22 00:41:34 detox[28903] TRACE: [WSS_SEND_TO, #tester] {"type":"appConnected"}
Mar 22 00:41:34 detox[28903] TRACE: [WS_MESSAGE] {"type":"appConnected"}
 
Mar 22 00:41:34 detox[28903] TRACE: [WS_SEND] {"type":"isReady","params":{},"messageId":-1000}
Mar 22 00:41:34 detox[28903] TRACE: [WSS_GET_FROM, #tester] {"type":"isReady","params":{},"messageId":-1000}
Mar 22 00:41:34 detox[28903] TRACE: [WSS_SEND_TO, #app] {"type":"isReady","params":{},"messageId":-1000}
Mar 22 00:41:35 detox[28903] TRACE: [WSS_GET_FROM, #app] {"messageId":-1000,"type":"ready","params":{}}
Mar 22 00:41:35 detox[28903] TRACE: [WSS_SEND_TO, #tester] {"messageId":-1000,"type":"ready","params":{}}
Mar 22 00:41:35 detox[28903] TRACE: [WS_MESSAGE] {"messageId":-1000,"type":"ready","params":{}}
 
Mar 22 00:41:35 detox[12387] TRACE: [ARTIFACTS_LIFECYCLE] artifactsManager.onAppReady({
  deviceId: 'LMG850EMW1f87e52c',
  bundleId: 'com.detoxsample',
  pid: 12387
})
Mar 22 00:41:35 detox[28903] INFO:  [1m[37mExample: [39m[22m[90mshould have welcome screen[39m
Mar 22 00:41:35 detox[28903] TRACE: [DETOX_BEFORE_EACH] running test: "Example should have welcome screen"
Mar 22 00:41:35 detox[28903] TRACE: [ARTIFACTS_LIFECYCLE] artifactsManager.onTestStart({
  title: 'should have welcome screen',
  fullName: 'Example should have welcome screen',
  status: 'running',
  invocations: 1
})
Mar 22 00:41:35 detox[28903] TRACE: [ARTIFACT_STOP] stopping ADBLogcatRecording
Mar 22 00:41:35 detox[28903] DEBUG: [EXEC_CMD, #22] "/Users/vivek.shindhe/Library/Android/sdk/platform-tools/adb" -s LMG850EMW1f87e52c shell "date +\"%m-%d %T.000\""
Mar 22 00:41:35 detox[28903] TRACE: [WSS_GET_FROM, #app] {"messageId":-1000,"type":"ready","params":{}}
Mar 22 00:41:35 detox[28903] TRACE: [WSS_SEND_TO, #tester] {"messageId":-1000,"type":"ready","params":{}}
Mar 22 00:41:35 detox[28903] TRACE: [WS_MESSAGE] {"messageId":-1000,"type":"ready","params":{}}
 
Mar 22 00:41:35 detox[28903] TRACE: [EXEC_SUCCESS, #22] 03-22 00:41:34.000

Mar 22 00:41:35 detox[28930] TRACE: [SPAWN_KILL] sending SIGINT to: /Users/vivek.shindhe/Library/Android/sdk/platform-tools/adb -s LMG850EMW1f87e52c shell logcat -T "03-22 00:41:30.000" --pid=12387 -f /sdcard/041197_0.log
Mar 22 00:41:35 detox[28903] DEBUG: [SPAWN_END, #20, cpid=28930] /Users/vivek.shindhe/Library/Android/sdk/platform-tools/adb -s LMG850EMW1f87e52c shell "logcat -T \"03-22 00:41:30.000\" --pid=12387 -f /sdcard/041197_0.log" terminated with SIGINT
Mar 22 00:41:35 detox[28903] TRACE: [ARTIFACT_START] starting ADBLogcatRecording
Mar 22 00:41:35 detox[28903] DEBUG: [SPAWN_CMD, #23, cpid=28933] /Users/vivek.shindhe/Library/Android/sdk/platform-tools/adb -s LMG850EMW1f87e52c shell "logcat -T \"03-22 00:41:34.000\" --pid=12387 -f /sdcard/041197_1.log"
Mar 22 00:41:35 detox[28903] TRACE: [WS_SEND] {"type":"reactNativeReload","params":{},"messageId":-1000}
Mar 22 00:41:35 detox[28903] TRACE: [WSS_GET_FROM, #tester] {"type":"reactNativeReload","params":{},"messageId":-1000}
Mar 22 00:41:35 detox[28903] TRACE: [WSS_SEND_TO, #app] {"type":"reactNativeReload","params":{},"messageId":-1000}
Mar 22 00:41:35 detox[28903] DEBUG: [EXEC_CMD, #24] "/Users/vivek.shindhe/Library/Android/sdk/platform-tools/adb" -s LMG850EMW1f87e52c shell du /sdcard/041197_1.log
Mar 22 00:41:35 detox[28903] TRACE: [EXEC_SUCCESS, #24] 0	/sdcard/041197_1.log

Mar 22 00:41:35 detox[28903] TRACE: [WSS_GET_FROM, #app] {"messageId":-1000,"type":"ready","params":{}}
Mar 22 00:41:35 detox[28903] TRACE: [WSS_SEND_TO, #tester] {"messageId":-1000,"type":"ready","params":{}}
Mar 22 00:41:35 detox[28903] TRACE: [WS_MESSAGE] {"messageId":-1000,"type":"ready","params":{}}
 
Mar 22 00:41:35 detox[28903] TRACE: [WS_SEND] {"type":"invoke","params":{"target":{"type":"Class","value":"com.wix.detox.espresso.DetoxAssertion"},"method":"assertMatcher","args":[{"type":"Invocation","value":{"target":{"type":"Class","value":"androidx.test.espresso.Espresso"},"method":"onView","args":[{"type":"Invocation","value":{"target":{"type":"Class","value":"com.wix.detox.espresso.DetoxMatcher"},"method":"matcherForText","args":["Step One"]}}]}},{"type":"Invocation","value":{"target":{"type":"Class","value":"com.wix.detox.espresso.DetoxMatcher"},"method":"matcherForSufficientlyVisible","args":[{"type":"Integer","value":75}]}}]},"messageId":1}
Mar 22 00:41:35 detox[28903] TRACE: [WSS_GET_FROM, #tester] {"type":"invoke","params":{"target":{"type":"Class","value":"com.wix.detox.espresso.DetoxAssertion"},"method":"assertMatcher","args":[{"type":"Invocation","value":{"target":{"type":"Class","value":"androidx.test.espresso.Espresso"},"method":"onView","args":[{"type":"Invocation","value":{"target":{"type":"Class","value":"com.wix.detox.espresso.DetoxMatcher"},"method":"matcherForText","args":["Step One"]}}]}},{"type":"Invocation","value":{"target":{"type":"Class","value":"com.wix.detox.espresso.DetoxMatcher"},"method":"matcherForSufficientlyVisible","args":[{"type":"Integer","value":75}]}}]},"messageId":1}
Mar 22 00:41:35 detox[28903] TRACE: [WSS_SEND_TO, #app] {"type":"invoke","params":{"target":{"type":"Class","value":"com.wix.detox.espresso.DetoxAssertion"},"method":"assertMatcher","args":[{"type":"Invocation","value":{"target":{"type":"Class","value":"androidx.test.espresso.Espresso"},"method":"onView","args":[{"type":"Invocation","value":{"target":{"type":"Class","value":"com.wix.detox.espresso.DetoxMatcher"},"method":"matcherForText","args":["Step One"]}}]}},{"type":"Invocation","value":{"target":{"type":"Class","value":"com.wix.detox.espresso.DetoxMatcher"},"method":"matcherForSufficientlyVisible","args":[{"type":"Integer","value":75}]}}]},"messageId":1}
Mar 22 00:41:36 detox[28903] TRACE: [WSS_GET_FROM, #app] {"messageId":1,"type":"invokeResult","params":{"result":null}}
Mar 22 00:41:36 detox[28903] TRACE: [WSS_SEND_TO, #tester] {"messageId":1,"type":"invokeResult","params":{"result":null}}
Mar 22 00:41:36 detox[28903] TRACE: [WS_MESSAGE] {"messageId":1,"type":"invokeResult","params":{"result":null}}
 
Mar 22 00:41:36 detox[28903] TRACE: [DETOX_AFTER_EACH] passed test: "Example should have welcome screen"
Mar 22 00:41:36 detox[28903] TRACE: [ARTIFACTS_LIFECYCLE] artifactsManager.onTestDone({
  title: 'should have welcome screen',
  fullName: 'Example should have welcome screen',
  status: 'passed',
  invocations: 1,
  timedOut: false
})
Mar 22 00:41:36 detox[28903] TRACE: [ARTIFACT_STOP] stopping ADBLogcatRecording
Mar 22 00:41:36 detox[28903] DEBUG: [EXEC_CMD, #25] "/Users/vivek.shindhe/Library/Android/sdk/platform-tools/adb" -s LMG850EMW1f87e52c shell "date +\"%m-%d %T.000\""
Mar 22 00:41:36 detox[28903] TRACE: [EXEC_SUCCESS, #25] 03-22 00:41:35.000

Mar 22 00:41:36 detox[28933] TRACE: [SPAWN_KILL] sending SIGINT to: /Users/vivek.shindhe/Library/Android/sdk/platform-tools/adb -s LMG850EMW1f87e52c shell logcat -T "03-22 00:41:34.000" --pid=12387 -f /sdcard/041197_1.log
Mar 22 00:41:36 detox[28903] DEBUG: [SPAWN_END, #23, cpid=28933] /Users/vivek.shindhe/Library/Android/sdk/platform-tools/adb -s LMG850EMW1f87e52c shell "logcat -T \"03-22 00:41:34.000\" --pid=12387 -f /sdcard/041197_1.log" terminated with SIGINT
Mar 22 00:41:36 detox[28903] INFO:  [1m[37mExample: [39m[22m[90mshould have welcome screen[39m[90m [[32mOK[90m][39m
Mar 22 00:41:36 detox[28903] INFO:  [1m[37mExample: [39m[22m[90mshould pass for isValidVpa[39m
Mar 22 00:41:36 detox[28903] TRACE: [DETOX_BEFORE_EACH] running test: "Example should pass for isValidVpa"
Mar 22 00:41:36 detox[28903] TRACE: [ARTIFACTS_LIFECYCLE] artifactsManager.onTestStart({
  title: 'should pass for isValidVpa',
  fullName: 'Example should pass for isValidVpa',
  status: 'running',
  invocations: 1
})
Mar 22 00:41:36 detox[28903] TRACE: [ARTIFACT_START] starting ADBLogcatRecording
Mar 22 00:41:36 detox[28903] DEBUG: [SPAWN_CMD, #26, cpid=28936] /Users/vivek.shindhe/Library/Android/sdk/platform-tools/adb -s LMG850EMW1f87e52c shell "logcat -T \"03-22 00:41:35.000\" --pid=12387 -f /sdcard/041197_2.log"
Mar 22 00:41:36 detox[28903] TRACE: [WS_SEND] {"type":"reactNativeReload","params":{},"messageId":-1000}
Mar 22 00:41:36 detox[28903] TRACE: [WSS_GET_FROM, #tester] {"type":"reactNativeReload","params":{},"messageId":-1000}
Mar 22 00:41:36 detox[28903] TRACE: [WSS_SEND_TO, #app] {"type":"reactNativeReload","params":{},"messageId":-1000}
Mar 22 00:41:36 detox[28903] TRACE: [ARTIFACT_SAVE] saving ADBLogcatRecording to: artifacts/android.debug.2022-03-21 19-11-17Z/✓ Example should have welcome screen/device.log
Mar 22 00:41:36 detox[28903] DEBUG: [EXEC_CMD, #27] "/Users/vivek.shindhe/Library/Android/sdk/platform-tools/adb" -s LMG850EMW1f87e52c pull "/sdcard/041197_1.log" "artifacts/android.debug.2022-03-21 19-11-17Z/✓ Example should have welcome screen/device.log"
Mar 22 00:41:36 detox[28903] TRACE: [EXEC_SUCCESS, #27] /sdcard/041197_1.log: 1 file pulled, 0 skipped. 2.3 MB/s (28643 bytes in 0.012s)

Mar 22 00:41:36 detox[28903] DEBUG: [EXEC_CMD, #28] "/Users/vivek.shindhe/Library/Android/sdk/platform-tools/adb" -s LMG850EMW1f87e52c shell "rm  \"/sdcard/041197_1.log\""
Mar 22 00:41:36 detox[28903] TRACE: [EXEC_SUCCESS, #28] 
Mar 22 00:41:36 detox[28903] TRACE: [ARTIFACT_SAVE] saving ADBLogcatRecording to: artifacts/android.debug.2022-03-21 19-11-17Z/LMG850EMW1f87e52c 2022-03-21 19-11-36Z.startup.log
Mar 22 00:41:36 detox[28903] DEBUG: [EXEC_CMD, #29] "/Users/vivek.shindhe/Library/Android/sdk/platform-tools/adb" -s LMG850EMW1f87e52c pull "/sdcard/041197_0.log" "artifacts/android.debug.2022-03-21 19-11-17Z/LMG850EMW1f87e52c 2022-03-21 19-11-36Z.startup.log"
Mar 22 00:41:36 detox[28903] TRACE: [EXEC_SUCCESS, #29] /sdcard/041197_0.log: 1 file pulled, 0 skipped. 5.2 MB/s (31914 bytes in 0.006s)

Mar 22 00:41:36 detox[28903] DEBUG: [EXEC_CMD, #30] "/Users/vivek.shindhe/Library/Android/sdk/platform-tools/adb" -s LMG850EMW1f87e52c shell "rm  \"/sdcard/041197_0.log\""
Mar 22 00:41:36 detox[28903] TRACE: [EXEC_SUCCESS, #30] 
Mar 22 00:41:36 detox[28903] DEBUG: [EXEC_CMD, #31] "/Users/vivek.shindhe/Library/Android/sdk/platform-tools/adb" -s LMG850EMW1f87e52c shell du /sdcard/041197_2.log
Mar 22 00:41:36 detox[28903] TRACE: [EXEC_SUCCESS, #31] 0	/sdcard/041197_2.log

Mar 22 00:41:36 detox[28903] TRACE: [WSS_GET_FROM, #app] {"messageId":-1000,"type":"ready","params":{}}
Mar 22 00:41:36 detox[28903] TRACE: [WSS_SEND_TO, #tester] {"messageId":-1000,"type":"ready","params":{}}
Mar 22 00:41:36 detox[28903] TRACE: [WS_MESSAGE] {"messageId":-1000,"type":"ready","params":{}}
 
Mar 22 00:41:36 detox[28903] TRACE: [WS_SEND] {"type":"invoke","params":{"target":{"type":"Class","value":"com.wix.detox.espresso.EspressoDetox"},"method":"perform","args":[{"type":"Invocation","value":{"target":{"type":"Class","value":"androidx.test.espresso.Espresso"},"method":"onView","args":[{"type":"Invocation","value":{"target":{"type":"Class","value":"com.wix.detox.espresso.DetoxMatcher"},"method":"matcherForText","args":["isValidVpa-pass"]}}]}},{"type":"Invocation","value":{"target":{"type":"Class","value":"com.wix.detox.espresso.DetoxViewActions"},"method":"click","args":[]}}]},"messageId":2}
Mar 22 00:41:36 detox[28903] TRACE: [WSS_GET_FROM, #tester] {"type":"invoke","params":{"target":{"type":"Class","value":"com.wix.detox.espresso.EspressoDetox"},"method":"perform","args":[{"type":"Invocation","value":{"target":{"type":"Class","value":"androidx.test.espresso.Espresso"},"method":"onView","args":[{"type":"Invocation","value":{"target":{"type":"Class","value":"com.wix.detox.espresso.DetoxMatcher"},"method":"matcherForText","args":["isValidVpa-pass"]}}]}},{"type":"Invocation","value":{"target":{"type":"Class","value":"com.wix.detox.espresso.DetoxViewActions"},"method":"click","args":[]}}]},"messageId":2}
Mar 22 00:41:36 detox[28903] TRACE: [WSS_SEND_TO, #app] {"type":"invoke","params":{"target":{"type":"Class","value":"com.wix.detox.espresso.EspressoDetox"},"method":"perform","args":[{"type":"Invocation","value":{"target":{"type":"Class","value":"androidx.test.espresso.Espresso"},"method":"onView","args":[{"type":"Invocation","value":{"target":{"type":"Class","value":"com.wix.detox.espresso.DetoxMatcher"},"method":"matcherForText","args":["isValidVpa-pass"]}}]}},{"type":"Invocation","value":{"target":{"type":"Class","value":"com.wix.detox.espresso.DetoxViewActions"},"method":"click","args":[]}}]},"messageId":2}
Mar 22 00:41:36 detox[28903] TRACE: [WSS_GET_FROM, #app] {"messageId":2,"type":"testFailed","params":{"details":"No views in hierarchy found matching: (an instance of android.widget.TextView and view.getText() with or without transformation to match: is \"isValidVpa-pass\" and view has effective visibility <VISIBLE>)\n","viewHierarchy":"+>DecorView{id=-1, visibility=VISIBLE, width=1080, height=2340, has-focus=false, has-focusable=true, has-window-focus=true, is-clickable=false, is-enabled=true, is-focused=false, is-focusable=false, is-layout-requested=false, is-selected=false, layout-params={(0,0)(fillxfill) sim={adjust=resize} ty=BASE_APPLICATION wanim=0x10302fe\n  fl=LAYOUT_IN_SCREEN FORCE_NOT_FULLSCREEN LAYOUT_INSET_DECOR SPLIT_TOUCH HARDWARE_ACCELERATED DRAWS_SYSTEM_BAR_BACKGROUNDS\n  pfl=FORCE_DRAW_STATUS_BAR_BACKGROUND FIT_INSETS_CONTROLLED\n  fitSides=}, tag=null, root-is-layout-requested=false, has-input-connection=false, x=0.0, y=0.0, child-count=3} \n|\n+->LinearLayout{id=-1, visibility=VISIBLE, width=1080, height=2214, has-focus=false, has-focusable=true, has-window-focus=true, is-clickable=false, is-enabled=true, is-focused=false, is-focusable=false, is-layout-requested=false, is-selected=false, layout-params=android.widget.FrameLayout$LayoutParams@3a4c96b, tag=null, root-is-layout-requested=false, has-input-connection=false, x=0.0, y=0.0, child-count=2} \n|\n+-->ViewStub{id=16908719, res-name=action_mode_bar_stub, visibility=GONE, width=0, height=0, has-focus=false, has-focusable=false, has-window-focus=true, is-clickable=false, is-enabled=true, is-focused=false, is-focusable=false, is-layout-requested=true, is-selected=false, layout-params=android.widget.LinearLayout$LayoutParams@64a8cc8, tag=null, root-is-layout-requested=false, has-input-connection=false, x=0.0, y=0.0} \n|\n+-->FrameLayout{id=-1, visibility=VISIBLE, width=1080, height=2138, has-focus=false, has-focusable=true, has-window-focus=true, is-clickable=false, is-enabled=true, is-focused=false, is-focusable=false, is-layout-requested=false, is-selected=false, layout-params=android.widget.LinearLayout$LayoutParams@7b02486, tag=null, root-is-layout-requested=false, has-input-connection=false, x=0.0, y=76.0, child-count=1} \n|\n+--->ActionBarOverlayLayout{id=2131230827, res-name=decor_content_parent, visibility=VISIBLE, width=1080, height=2138, has-focus=false, has-focusable=true, has-window-focus=true, is-clickable=false, is-enabled=true, is-focused=false, is-focusable=false, is-layout-requested=false, is-selected=false, layout-params=android.widget.FrameLayout$LayoutParams@6ce629d, tag=null, root-is-layout-requested=false, has-input-connection=false, x=0.0, y=0.0, child-count=2} \n|\n+---->ContentFrameLayout{id=16908290, res-name=content, visibility=VISIBLE, width=1080, height=1991, has-focus=false, has-focusable=true, has-window-focus=true, is-clickable=false, is-enabled=true, is-focused=false, is-focusable=false, is-layout-requested=false, is-selected=false, layout-params=androidx.appcompat.widget.ActionBarOverlayLayout$LayoutParams@a5a0312, tag=null, root-is-layout-requested=false, has-input-connection=false, x=0.0, y=147.0, child-count=1} \n|\n+----->ReactRootView{id=21, visibility=VISIBLE, width=1080, height=1991, has-focus=false, has-focusable=true, has-window-focus=true, is-clickable=false, is-enabled=true, is-focused=false, is-focusable=false, is-layout-requested=false, is-selected=false, layout-params=android.widget.FrameLayout$LayoutParams@e042ce0, tag=null, root-is-layout-requested=false, has-input-connection=false, x=0.0, y=0.0, child-count=1} \n|\n+------>ReactViewGroup{id=59, visibility=VISIBLE, width=1080, height=1039, has-focus=false, has-focusable=true, has-window-focus=true, is-clickable=false, is-enabled=true, is-focused=false, is-focusable=false, is-layout-requested=false, is-selected=false, layout-params=android.widget.FrameLayout$LayoutParams@2b38b99, tag=null, root-is-layout-requested=false, has-input-connection=false, x=0.0, y=0.0, child-count=1} \n|\n+------->ReactScrollView{id=57, visibility=VISIBLE, width=1080, height=1039, has-focus=false, has-focusable=true, has-window-focus=true, is-clickable=false, is-enabled=true, is-focused=false, is-focusable=true, is-layout-requested=false, is-selected=false, layout-params=android.view.ViewGroup$LayoutParams@a4c623f, tag=null, root-is-layout-requested=false, has-input-connection=false, x=0.0, y=0.0, child-count=1} \n|\n+-------->ReactViewGroup{id=55, visibility=VISIBLE, width=1080, height=1039, has-focus=false, has-focusable=true, has-window-focus=true, is-clickable=false, is-enabled=true, is-focused=false, is-focusable=false, is-layout-requested=false, is-selected=false, layout-params=android.widget.FrameLayout$LayoutParams@42f370c, tag=null, root-is-layout-requested=false, has-input-connection=false, x=0.0, y=0.0, child-count=2} \n|\n+--------->ReactViewGroup{id=15, visibility=VISIBLE, width=1080, height=563, has-focus=false, has-focusable=false, has-window-focus=true, is-clickable=false, is-enabled=true, is-focused=false, is-focusable=false, is-layout-requested=false, is-selected=false, layout-params=android.view.ViewGroup$LayoutParams@a284855, tag=null, root-is-layout-requested=false, has-input-connection=false, x=0.0, y=0.0, child-count=2} \n|\n+---------->ReactImageView{id=3, visibility=VISIBLE, width=1416, height=1067, has-focus=false, has-focusable=false, has-window-focus=true, is-clickable=false, is-enabled=true, is-focused=false, is-focusable=false, is-layout-requested=false, is-selected=false, layout-params=android.view.ViewGroup$LayoutParams@feee26a, tag=new-app-screen-header, root-is-layout-requested=false, has-input-connection=false, x=-336.0, y=0.0} \n|\n+---------->ReactTextView{id=13, visibility=VISIBLE, width=912, height=206, has-focus=false, has-focusable=false, has-window-focus=true, is-clickable=false, is-enabled=true, is-focused=false, is-focusable=false, is-layout-requested=false, is-selected=false, layout-params=android.view.ViewGroup$LayoutParams@c1eb7f8, tag=null, root-is-layout-requested=false, has-input-connection=false, x=84.0, y=252.0, text=Welcome to\nReact Native, input-type=0, ime-target=false, has-links=false} \n|\n+--------->ReactViewGroup{id=53, visibility=VISIBLE, width=1080, height=476, has-focus=false, has-focusable=true, has-window-focus=true, is-clickable=false, is-enabled=true, is-focused=false, is-focusable=false, is-layout-requested=false, is-selected=false, layout-params=android.view.ViewGroup$LayoutParams@6f214d1, tag=null, root-is-layout-requested=false, has-input-connection=false, x=0.0, y=563.0, child-count=6} \n|\n+---------->ReactTextView{id=19, visibility=VISIBLE, width=954, height=67, has-focus=false, has-focusable=false, has-window-focus=true, is-clickable=false, is-enabled=true, is-focused=false, is-focusable=false, is-layout-requested=false, is-selected=false, layout-params=android.view.ViewGroup$LayoutParams@210bb36, tag=null, root-is-layout-requested=false, has-input-connection=false, x=63.0, y=84.0, text=Step One, input-type=0, ime-target=false, has-links=false} \n|\n+---------->ReactTextView{id=37, visibility=VISIBLE, width=954, height=81, has-focus=false, has-focusable=false, has-window-focus=true, is-clickable=false, is-enabled=true, is-focused=false, is-focusable=false, is-layout-requested=false, is-selected=false, layout-params=android.view.ViewGroup$LayoutParams@bee5a37, tag=null, root-is-layout-requested=false, has-input-connection=false, x=63.0, y=172.0, text=00, input-type=0, ime-target=false, has-links=false} \n|\n+---------->ReactViewGroup{id=27, visibility=VISIBLE, width=274, height=81, has-focus=false, has-focusable=true, has-window-focus=true, is-clickable=true, is-enabled=true, is-focused=false, is-focusable=true, is-layout-requested=false, is-selected=false, layout-params=android.view.ViewGroup$LayoutParams@1835ba4, tag=null, root-is-layout-requested=false, has-input-connection=false, x=63.0, y=172.0, child-count=1} \n|\n+----------->ReactTextView{id=25, visibility=VISIBLE, width=232, height=39, has-focus=false, has-focusable=false, has-window-focus=true, is-clickable=false, is-enabled=true, is-focused=false, is-focusable=false, is-layout-requested=false, is-selected=false, layout-params=android.view.ViewGroup$LayoutParams@fb22d0d, tag=null, root-is-layout-requested=false, has-input-connection=false, x=21.0, y=21.0, text=ISVALIDVPA-PASS, input-type=0, ime-target=false, has-links=false} \n|\n+---------->ReactViewGroup{id=35, visibility=VISIBLE, width=269, height=81, has-focus=false, has-focusable=true, has-window-focus=true, is-clickable=true, is-enabled=true, is-focused=false, is-focusable=true, is-layout-requested=false, is-selected=false, layout-params=android.view.ViewGroup$LayoutParams@da554c2, tag=null, root-is-layout-requested=false, has-input-connection=false, x=337.0, y=172.0, child-count=1} \n|\n+----------->ReactTextView{id=33, visibility=VISIBLE, width=227, height=39, has-focus=false, has-focusable=false, has-window-focus=true, is-clickable=false, is-enabled=true, is-focused=false, is-focusable=false, is-layout-requested=false, is-selected=false, layout-params=android.view.ViewGroup$LayoutParams@f4462d3, tag=null, root-is-layout-requested=false, has-input-connection=false, x=21.0, y=21.0, text=ISVALIDVPA-FAIL, input-type=0, ime-target=false, has-links=false} \n|\n+---------->ReactTextView{id=45, visibility=VISIBLE, width=954, height=67, has-focus=false, has-focusable=false, has-window-focus=true, is-clickable=false, is-enabled=true, is-focused=false, is-focusable=false, is-layout-requested=false, is-selected=false, layout-params=android.view.ViewGroup$LayoutParams@86c8e10, tag=null, root-is-layout-requested=false, has-input-connection=false, x=63.0, y=337.0, text=Status changes, input-type=0, ime-target=false, has-links=false} \n|\n+---------->ReactTextView{id=47, visibility=VISIBLE, width=954, height=51, has-focus=false, has-focusable=false, has-window-focus=true, is-clickable=false, is-enabled=true, is-focused=false, is-focusable=false, is-layout-requested=false, is-selected=false, layout-params=android.view.ViewGroup$LayoutParams@9e18d09, tag=null, root-is-layout-requested=false, has-input-connection=false, x=63.0, y=425.0, text=, input-type=0, ime-target=false, has-links=false} \n|\n+---->ActionBarContainer{id=2131230767, res-name=action_bar_container, visibility=VISIBLE, width=1080, height=147, has-focus=false, has-focusable=false, has-window-focus=true, is-clickable=false, is-enabled=true, is-focused=false, is-focusable=false, is-layout-requested=false, is-selected=false, layout-params=androidx.appcompat.widget.ActionBarOverlayLayout$LayoutParams@4747b3c, tag=null, root-is-layout-requested=false, has-input-connection=false, x=0.0, y=0.0, child-count=2} \n|\n+----->Toolbar{id=2131230765, res-name=action_bar, visibility=VISIBLE, width=1080, height=147, has-focus=false, has-focusable=false, has-window-focus=true, is-clickable=false, is-enabled=true, is-focused=false, is-focusable=false, is-layout-requested=false, is-selected=false, layout-params=android.widget.FrameLayout$LayoutParams@42b594b, tag=null, root-is-layout-requested=false, has-input-connection=false, x=0.0, y=0.0, child-count=2} \n|\n+------>AppCompatTextView{id=-1, visibility=VISIBLE, width=294, height=71, has-focus=false, has-focusable=false, has-window-focus=true, is-clickable=false, is-enabled=true, is-focused=false, is-focusable=false, is-layout-requested=false, is-selected=false, layout-params=androidx.appcompat.widget.Toolbar$LayoutParams@6ac0f28, tag=null, root-is-layout-requested=false, has-input-connection=false, x=42.0, y=38.0, text=DetoxSample, input-type=0, ime-target=false, has-links=false} \n|\n+------>ActionMenuView{id=-1, visibility=VISIBLE, width=0, height=147, has-focus=false, has-focusable=false, has-window-focus=true, is-clickable=false, is-enabled=true, is-focused=false, is-focusable=false, is-layout-requested=false, is-selected=false, layout-params=androidx.appcompat.widget.Toolbar$LayoutParams@4d0d441, tag=null, root-is-layout-requested=false, has-input-connection=false, x=1080.0, y=0.0, child-count=0} \n|\n+----->ActionBarContextView{id=2131230773, res-name=action_context_bar, visibility=GONE, width=0, height=0, has-focus=false, has-focusable=false, has-window-focus=true, is-clickable=false, is-enabled=true, is-focused=false, is-focusable=false, is-layout-requested=true, is-selected=false, layout-params=android.widget.FrameLayout$LayoutParams@8dc5de6, tag=null, root-is-layout-requested=false, has-input-connection=false, x=0.0, y=0.0, child-count=0} \n|\n+->View{id=16908336, res-name=navigationBarBackground, visibility=VISIBLE, width=1080, height=126, has-focus=false, has-focusable=false, has-window-focus=true, is-clickable=false, is-enabled=true, is-focused=false, is-focusable=false, is-layout-requested=false, is-selected=false, layout-params=android.widget.FrameLayout$LayoutParams@543f27, tag=null, root-is-layout-requested=false, has-input-connection=false, x=0.0, y=2214.0} \n|\n+->View{id=16908335, res-name=statusBarBackground, visibility=VISIBLE, width=1080, height=76, has-focus=false, has-focusable=false, has-window-focus=true, is-clickable=false, is-enabled=true, is-focused=false, is-focusable=false, is-layout-requested=false, is-selected=false, layout-params=android.widget.FrameLayout$LayoutParams@e46f5d4, tag=null, root-is-layout-requested=false, has-input-connection=false, x=0.0, y=0.0}"}}
Mar 22 00:41:36 detox[28903] TRACE: [WSS_SEND_TO, #tester] {"messageId":2,"type":"testFailed","params":{"details":"No views in hierarchy found matching: (an instance of android.widget.TextView and view.getText() with or without transformation to match: is \"isValidVpa-pass\" and view has effective visibility <VISIBLE>)\n","viewHierarchy":"+>DecorView{id=-1, visibility=VISIBLE, width=1080, height=2340, has-focus=false, has-focusable=true, has-window-focus=true, is-clickable=false, is-enabled=true, is-focused=false, is-focusable=false, is-layout-requested=false, is-selected=false, layout-params={(0,0)(fillxfill) sim={adjust=resize} ty=BASE_APPLICATION wanim=0x10302fe\n  fl=LAYOUT_IN_SCREEN FORCE_NOT_FULLSCREEN LAYOUT_INSET_DECOR SPLIT_TOUCH HARDWARE_ACCELERATED DRAWS_SYSTEM_BAR_BACKGROUNDS\n  pfl=FORCE_DRAW_STATUS_BAR_BACKGROUND FIT_INSETS_CONTROLLED\n  fitSides=}, tag=null, root-is-layout-requested=false, has-input-connection=false, x=0.0, y=0.0, child-count=3} \n|\n+->LinearLayout{id=-1, visibility=VISIBLE, width=1080, height=2214, has-focus=false, has-focusable=true, has-window-focus=true, is-clickable=false, is-enabled=true, is-focused=false, is-focusable=false, is-layout-requested=false, is-selected=false, layout-params=android.widget.FrameLayout$LayoutParams@3a4c96b, tag=null, root-is-layout-requested=false, has-input-connection=false, x=0.0, y=0.0, child-count=2} \n|\n+-->ViewStub{id=16908719, res-name=action_mode_bar_stub, visibility=GONE, width=0, height=0, has-focus=false, has-focusable=false, has-window-focus=true, is-clickable=false, is-enabled=true, is-focused=false, is-focusable=false, is-layout-requested=true, is-selected=false, layout-params=android.widget.LinearLayout$LayoutParams@64a8cc8, tag=null, root-is-layout-requested=false, has-input-connection=false, x=0.0, y=0.0} \n|\n+-->FrameLayout{id=-1, visibility=VISIBLE, width=1080, height=2138, has-focus=false, has-focusable=true, has-window-focus=true, is-clickable=false, is-enabled=true, is-focused=false, is-focusable=false, is-layout-requested=false, is-selected=false, layout-params=android.widget.LinearLayout$LayoutParams@7b02486, tag=null, root-is-layout-requested=false, has-input-connection=false, x=0.0, y=76.0, child-count=1} \n|\n+--->ActionBarOverlayLayout{id=2131230827, res-name=decor_content_parent, visibility=VISIBLE, width=1080, height=2138, has-focus=false, has-focusable=true, has-window-focus=true, is-clickable=false, is-enabled=true, is-focused=false, is-focusable=false, is-layout-requested=false, is-selected=false, layout-params=android.widget.FrameLayout$LayoutParams@6ce629d, tag=null, root-is-layout-requested=false, has-input-connection=false, x=0.0, y=0.0, child-count=2} \n|\n+---->ContentFrameLayout{id=16908290, res-name=content, visibility=VISIBLE, width=1080, height=1991, has-focus=false, has-focusable=true, has-window-focus=true, is-clickable=false, is-enabled=true, is-focused=false, is-focusable=false, is-layout-requested=false, is-selected=false, layout-params=androidx.appcompat.widget.ActionBarOverlayLayout$LayoutParams@a5a0312, tag=null, root-is-layout-requested=false, has-input-connection=false, x=0.0, y=147.0, child-count=1} \n|\n+----->ReactRootView{id=21, visibility=VISIBLE, width=1080, height=1991, has-focus=false, has-focusable=true, has-window-focus=true, is-clickable=false, is-enabled=true, is-focused=false, is-focusable=false, is-layout-requested=false, is-selected=false, layout-params=android.widget.FrameLayout$LayoutParams@e042ce0, tag=null, root-is-layout-requested=false, has-input-connection=false, x=0.0, y=0.0, child-count=1} \n|\n+------>ReactViewGroup{id=59, visibility=VISIBLE, width=1080, height=1039, has-focus=false, has-focusable=true, has-window-focus=true, is-clickable=false, is-enabled=true, is-focused=false, is-focusable=false, is-layout-requested=false, is-selected=false, layout-params=android.widget.FrameLayout$LayoutParams@2b38b99, tag=null, root-is-layout-requested=false, has-input-connection=false, x=0.0, y=0.0, child-count=1} \n|\n+------->ReactScrollView{id=57, visibility=VISIBLE, width=1080, height=1039, has-focus=false, has-focusable=true, has-window-focus=true, is-clickable=false, is-enabled=true, is-focused=false, is-focusable=true, is-layout-requested=false, is-selected=false, layout-params=android.view.ViewGroup$LayoutParams@a4c623f, tag=null, root-is-layout-requested=false, has-input-connection=false, x=0.0, y=0.0, child-count=1} \n|\n+-------->ReactViewGroup{id=55, visibility=VISIBLE, width=1080, height=1039, has-focus=false, has-focusable=true, has-window-focus=true, is-clickable=false, is-enabled=true, is-focused=false, is-focusable=false, is-layout-requested=false, is-selected=false, layout-params=android.widget.FrameLayout$LayoutParams@42f370c, tag=null, root-is-layout-requested=false, has-input-connection=false, x=0.0, y=0.0, child-count=2} \n|\n+--------->ReactViewGroup{id=15, visibility=VISIBLE, width=1080, height=563, has-focus=false, has-focusable=false, has-window-focus=true, is-clickable=false, is-enabled=true, is-focused=false, is-focusable=false, is-layout-requested=false, is-selected=false, layout-params=android.view.ViewGroup$LayoutParams@a284855, tag=null, root-is-layout-requested=false, has-input-connection=false, x=0.0, y=0.0, child-count=2} \n|\n+---------->ReactImageView{id=3, visibility=VISIBLE, width=1416, height=1067, has-focus=false, has-focusable=false, has-window-focus=true, is-clickable=false, is-enabled=true, is-focused=false, is-focusable=false, is-layout-requested=false, is-selected=false, layout-params=android.view.ViewGroup$LayoutParams@feee26a, tag=new-app-screen-header, root-is-layout-requested=false, has-input-connection=false, x=-336.0, y=0.0} \n|\n+---------->ReactTextView{id=13, visibility=VISIBLE, width=912, height=206, has-focus=false, has-focusable=false, has-window-focus=true, is-clickable=false, is-enabled=true, is-focused=false, is-focusable=false, is-layout-requested=false, is-selected=false, layout-params=android.view.ViewGroup$LayoutParams@c1eb7f8, tag=null, root-is-layout-requested=false, has-input-connection=false, x=84.0, y=252.0, text=Welcome to\nReact Native, input-type=0, ime-target=false, has-links=false} \n|\n+--------->ReactViewGroup{id=53, visibility=VISIBLE, width=1080, height=476, has-focus=false, has-focusable=true, has-window-focus=true, is-clickable=false, is-enabled=true, is-focused=false, is-focusable=false, is-layout-requested=false, is-selected=false, layout-params=android.view.ViewGroup$LayoutParams@6f214d1, tag=null, root-is-layout-requested=false, has-input-connection=false, x=0.0, y=563.0, child-count=6} \n|\n+---------->ReactTextView{id=19, visibility=VISIBLE, width=954, height=67, has-focus=false, has-focusable=false, has-window-focus=true, is-clickable=false, is-enabled=true, is-focused=false, is-focusable=false, is-layout-requested=false, is-selected=false, layout-params=android.view.ViewGroup$LayoutParams@210bb36, tag=null, root-is-layout-requested=false, has-input-connection=false, x=63.0, y=84.0, text=Step One, input-type=0, ime-target=false, has-links=false} \n|\n+---------->ReactTextView{id=37, visibility=VISIBLE, width=954, height=81, has-focus=false, has-focusable=false, has-window-focus=true, is-clickable=false, is-enabled=true, is-focused=false, is-focusable=false, is-layout-requested=false, is-selected=false, layout-params=android.view.ViewGroup$LayoutParams@bee5a37, tag=null, root-is-layout-requested=false, has-input-connection=false, x=63.0, y=172.0, text=00, input-type=0, ime-target=false, has-links=false} \n|\n+---------->ReactViewGroup{id=27, visibility=VISIBLE, width=274, height=81, has-focus=false, has-focusable=true, has-window-focus=true, is-clickable=true, is-enabled=true, is-focused=false, is-focusable=true, is-layout-requested=false, is-selected=false, layout-params=android.view.ViewGroup$LayoutParams@1835ba4, tag=null, root-is-layout-requested=false, has-input-connection=false, x=63.0, y=172.0, child-count=1} \n|\n+----------->ReactTextView{id=25, visibility=VISIBLE, width=232, height=39, has-focus=false, has-focusable=false, has-window-focus=true, is-clickable=false, is-enabled=true, is-focused=false, is-focusable=false, is-layout-requested=false, is-selected=false, layout-params=android.view.ViewGroup$LayoutParams@fb22d0d, tag=null, root-is-layout-requested=false, has-input-connection=false, x=21.0, y=21.0, text=ISVALIDVPA-PASS, input-type=0, ime-target=false, has-links=false} \n|\n+---------->ReactViewGroup{id=35, visibility=VISIBLE, width=269, height=81, has-focus=false, has-focusable=true, has-window-focus=true, is-clickable=true, is-enabled=true, is-focused=false, is-focusable=true, is-layout-requested=false, is-selected=false, layout-params=android.view.ViewGroup$LayoutParams@da554c2, tag=null, root-is-layout-requested=false, has-input-connection=false, x=337.0, y=172.0, child-count=1} \n|\n+----------->ReactTextView{id=33, visibility=VISIBLE, width=227, height=39, has-focus=false, has-focusable=false, has-window-focus=true, is-clickable=false, is-enabled=true, is-focused=false, is-focusable=false, is-layout-requested=false, is-selected=false, layout-params=android.view.ViewGroup$LayoutParams@f4462d3, tag=null, root-is-layout-requested=false, has-input-connection=false, x=21.0, y=21.0, text=ISVALIDVPA-FAIL, input-type=0, ime-target=false, has-links=false} \n|\n+---------->ReactTextView{id=45, visibility=VISIBLE, width=954, height=67, has-focus=false, has-focusable=false, has-window-focus=true, is-clickable=false, is-enabled=true, is-focused=false, is-focusable=false, is-layout-requested=false, is-selected=false, layout-params=android.view.ViewGroup$LayoutParams@86c8e10, tag=null, root-is-layout-requested=false, has-input-connection=false, x=63.0, y=337.0, text=Status changes, input-type=0, ime-target=false, has-links=false} \n|\n+---------->ReactTextView{id=47, visibility=VISIBLE, width=954, height=51, has-focus=false, has-focusable=false, has-window-focus=true, is-clickable=false, is-enabled=true, is-focused=false, is-focusable=false, is-layout-requested=false, is-selected=false, layout-params=android.view.ViewGroup$LayoutParams@9e18d09, tag=null, root-is-layout-requested=false, has-input-connection=false, x=63.0, y=425.0, text=, input-type=0, ime-target=false, has-links=false} \n|\n+---->ActionBarContainer{id=2131230767, res-name=action_bar_container, visibility=VISIBLE, width=1080, height=147, has-focus=false, has-focusable=false, has-window-focus=true, is-clickable=false, is-enabled=true, is-focused=false, is-focusable=false, is-layout-requested=false, is-selected=false, layout-params=androidx.appcompat.widget.ActionBarOverlayLayout$LayoutParams@4747b3c, tag=null, root-is-layout-requested=false, has-input-connection=false, x=0.0, y=0.0, child-count=2} \n|\n+----->Toolbar{id=2131230765, res-name=action_bar, visibility=VISIBLE, width=1080, height=147, has-focus=false, has-focusable=false, has-window-focus=true, is-clickable=false, is-enabled=true, is-focused=false, is-focusable=false, is-layout-requested=false, is-selected=false, layout-params=android.widget.FrameLayout$LayoutParams@42b594b, tag=null, root-is-layout-requested=false, has-input-connection=false, x=0.0, y=0.0, child-count=2} \n|\n+------>AppCompatTextView{id=-1, visibility=VISIBLE, width=294, height=71, has-focus=false, has-focusable=false, has-window-focus=true, is-clickable=false, is-enabled=true, is-focused=false, is-focusable=false, is-layout-requested=false, is-selected=false, layout-params=androidx.appcompat.widget.Toolbar$LayoutParams@6ac0f28, tag=null, root-is-layout-requested=false, has-input-connection=false, x=42.0, y=38.0, text=DetoxSample, input-type=0, ime-target=false, has-links=false} \n|\n+------>ActionMenuView{id=-1, visibility=VISIBLE, width=0, height=147, has-focus=false, has-focusable=false, has-window-focus=true, is-clickable=false, is-enabled=true, is-focused=false, is-focusable=false, is-layout-requested=false, is-selected=false, layout-params=androidx.appcompat.widget.Toolbar$LayoutParams@4d0d441, tag=null, root-is-layout-requested=false, has-input-connection=false, x=1080.0, y=0.0, child-count=0} \n|\n+----->ActionBarContextView{id=2131230773, res-name=action_context_bar, visibility=GONE, width=0, height=0, has-focus=false, has-focusable=false, has-window-focus=true, is-clickable=false, is-enabled=true, is-focused=false, is-focusable=false, is-layout-requested=true, is-selected=false, layout-params=android.widget.FrameLayout$LayoutParams@8dc5de6, tag=null, root-is-layout-requested=false, has-input-connection=false, x=0.0, y=0.0, child-count=0} \n|\n+->View{id=16908336, res-name=navigationBarBackground, visibility=VISIBLE, width=1080, height=126, has-focus=false, has-focusable=false, has-window-focus=true, is-clickable=false, is-enabled=true, is-focused=false, is-focusable=false, is-layout-requested=false, is-selected=false, layout-params=android.widget.FrameLayout$LayoutParams@543f27, tag=null, root-is-layout-requested=false, has-input-connection=false, x=0.0, y=2214.0} \n|\n+->View{id=16908335, res-name=statusBarBackground, visibility=VISIBLE, width=1080, height=76, has-focus=false, has-focusable=false, has-window-focus=true, is-clickable=false, is-enabled=true, is-focused=false, is-focusable=false, is-layout-requested=false, is-selected=false, layout-params=android.widget.FrameLayout$LayoutParams@e46f5d4, tag=null, root-is-layout-requested=false, has-input-connection=false, x=0.0, y=0.0}"}}
Mar 22 00:41:36 detox[28903] TRACE: [WS_MESSAGE] {"messageId":2,"type":"testFailed","params":{"details":"No views in hierarchy found matching: (an instance of android.widget.TextView and view.getText() with or without transformation to match: is \"isValidVpa-pass\" and view has effective visibility <VISIBLE>)\n","viewHierarchy":"+>DecorView{id=-1, visibility=VISIBLE, width=1080, height=2340, has-focus=false, has-focusable=true, has-window-focus=true, is-clickable=false, is-enabled=true, is-focused=false, is-focusable=false, is-layout-requested=false, is-selected=false, layout-params={(0,0)(fillxfill) sim={adjust=resize} ty=BASE_APPLICATION wanim=0x10302fe\n  fl=LAYOUT_IN_SCREEN FORCE_NOT_FULLSCREEN LAYOUT_INSET_DECOR SPLIT_TOUCH HARDWARE_ACCELERATED DRAWS_SYSTEM_BAR_BACKGROUNDS\n  pfl=FORCE_DRAW_STATUS_BAR_BACKGROUND FIT_INSETS_CONTROLLED\n  fitSides=}, tag=null, root-is-layout-requested=false, has-input-connection=false, x=0.0, y=0.0, child-count=3} \n|\n+->LinearLayout{id=-1, visibility=VISIBLE, width=1080, height=2214, has-focus=false, has-focusable=true, has-window-focus=true, is-clickable=false, is-enabled=true, is-focused=false, is-focusable=false, is-layout-requested=false, is-selected=false, layout-params=android.widget.FrameLayout$LayoutParams@3a4c96b, tag=null, root-is-layout-requested=false, has-input-connection=false, x=0.0, y=0.0, child-count=2} \n|\n+-->ViewStub{id=16908719, res-name=action_mode_bar_stub, visibility=GONE, width=0, height=0, has-focus=false, has-focusable=false, has-window-focus=true, is-clickable=false, is-enabled=true, is-focused=false, is-focusable=false, is-layout-requested=true, is-selected=false, layout-params=android.widget.LinearLayout$LayoutParams@64a8cc8, tag=null, root-is-layout-requested=false, has-input-connection=false, x=0.0, y=0.0} \n|\n+-->FrameLayout{id=-1, visibility=VISIBLE, width=1080, height=2138, has-focus=false, has-focusable=true, has-window-focus=true, is-clickable=false, is-enabled=true, is-focused=false, is-focusable=false, is-layout-requested=false, is-selected=false, layout-params=android.widget.LinearLayout$LayoutParams@7b02486, tag=null, root-is-layout-requested=false, has-input-connection=false, x=0.0, y=76.0, child-count=1} \n|\n+--->ActionBarOverlayLayout{id=2131230827, res-name=decor_content_parent, visibility=VISIBLE, width=1080, height=2138, has-focus=false, has-focusable=true, has-window-focus=true, is-clickable=false, is-enabled=true, is-focused=false, is-focusable=false, is-layout-requested=false, is-selected=false, layout-params=android.widget.FrameLayout$LayoutParams@6ce629d, tag=null, root-is-layout-requested=false, has-input-connection=false, x=0.0, y=0.0, child-count=2} \n|\n+---->ContentFrameLayout{id=16908290, res-name=content, visibility=VISIBLE, width=1080, height=1991, has-focus=false, has-focusable=true, has-window-focus=true, is-clickable=false, is-enabled=true, is-focused=false, is-focusable=false, is-layout-requested=false, is-selected=false, layout-params=androidx.appcompat.widget.ActionBarOverlayLayout$LayoutParams@a5a0312, tag=null, root-is-layout-requested=false, has-input-connection=false, x=0.0, y=147.0, child-count=1} \n|\n+----->ReactRootView{id=21, visibility=VISIBLE, width=1080, height=1991, has-focus=false, has-focusable=true, has-window-focus=true, is-clickable=false, is-enabled=true, is-focused=false, is-focusable=false, is-layout-requested=false, is-selected=false, layout-params=android.widget.FrameLayout$LayoutParams@e042ce0, tag=null, root-is-layout-requested=false, has-input-connection=false, x=0.0, y=0.0, child-count=1} \n|\n+------>ReactViewGroup{id=59, visibility=VISIBLE, width=1080, height=1039, has-focus=false, has-focusable=true, has-window-focus=true, is-clickable=false, is-enabled=true, is-focused=false, is-focusable=false, is-layout-requested=false, is-selected=false, layout-params=android.widget.FrameLayout$LayoutParams@2b38b99, tag=null, root-is-layout-requested=false, has-input-connection=false, x=0.0, y=0.0, child-count=1} \n|\n+------->ReactScrollView{id=57, visibility=VISIBLE, width=1080, height=1039, has-focus=false, has-focusable=true, has-window-focus=true, is-clickable=false, is-enabled=true, is-focused=false, is-focusable=true, is-layout-requested=false, is-selected=false, layout-params=android.view.ViewGroup$LayoutParams@a4c623f, tag=null, root-is-layout-requested=false, has-input-connection=false, x=0.0, y=0.0, child-count=1} \n|\n+-------->ReactViewGroup{id=55, visibility=VISIBLE, width=1080, height=1039, has-focus=false, has-focusable=true, has-window-focus=true, is-clickable=false, is-enabled=true, is-focused=false, is-focusable=false, is-layout-requested=false, is-selected=false, layout-params=android.widget.FrameLayout$LayoutParams@42f370c, tag=null, root-is-layout-requested=false, has-input-connection=false, x=0.0, y=0.0, child-count=2} \n|\n+--------->ReactViewGroup{id=15, visibility=VISIBLE, width=1080, height=563, has-focus=false, has-focusable=false, has-window-focus=true, is-clickable=false, is-enabled=true, is-focused=false, is-focusable=false, is-layout-requested=false, is-selected=false, layout-params=android.view.ViewGroup$LayoutParams@a284855, tag=null, root-is-layout-requested=false, has-input-connection=false, x=0.0, y=0.0, child-count=2} \n|\n+---------->ReactImageView{id=3, visibility=VISIBLE, width=1416, height=1067, has-focus=false, has-focusable=false, has-window-focus=true, is-clickable=false, is-enabled=true, is-focused=false, is-focusable=false, is-layout-requested=false, is-selected=false, layout-params=android.view.ViewGroup$LayoutParams@feee26a, tag=new-app-screen-header, root-is-layout-requested=false, has-input-connection=false, x=-336.0, y=0.0} \n|\n+---------->ReactTextView{id=13, visibility=VISIBLE, width=912, height=206, has-focus=false, has-focusable=false, has-window-focus=true, is-clickable=false, is-enabled=true, is-focused=false, is-focusable=false, is-layout-requested=false, is-selected=false, layout-params=android.view.ViewGroup$LayoutParams@c1eb7f8, tag=null, root-is-layout-requested=false, has-input-connection=false, x=84.0, y=252.0, text=Welcome to\nReact Native, input-type=0, ime-target=false, has-links=false} \n|\n+--------->ReactViewGroup{id=53, visibility=VISIBLE, width=1080, height=476, has-focus=false, has-focusable=true, has-window-focus=true, is-clickable=false, is-enabled=true, is-focused=false, is-focusable=false, is-layout-requested=false, is-selected=false, layout-params=android.view.ViewGroup$LayoutParams@6f214d1, tag=null, root-is-layout-requested=false, has-input-connection=false, x=0.0, y=563.0, child-count=6} \n|\n+---------->ReactTextView{id=19, visibility=VISIBLE, width=954, height=67, has-focus=false, has-focusable=false, has-window-focus=true, is-clickable=false, is-enabled=true, is-focused=false, is-focusable=false, is-layout-requested=false, is-selected=false, layout-params=android.view.ViewGroup$LayoutParams@210bb36, tag=null, root-is-layout-requested=false, has-input-connection=false, x=63.0, y=84.0, text=Step One, input-type=0, ime-target=false, has-links=false} \n|\n+---------->ReactTextView{id=37, visibility=VISIBLE, width=954, height=81, has-focus=false, has-focusable=false, has-window-focus=true, is-clickable=false, is-enabled=true, is-focused=false, is-focusable=false, is-layout-requested=false, is-selected=false, layout-params=android.view.ViewGroup$LayoutParams@bee5a37, tag=null, root-is-layout-requested=false, has-input-connection=false, x=63.0, y=172.0, text=00, input-type=0, ime-target=false, has-links=false} \n|\n+---------->ReactViewGroup{id=27, visibility=VISIBLE, width=274, height=81, has-focus=false, has-focusable=true, has-window-focus=true, is-clickable=true, is-enabled=true, is-focused=false, is-focusable=true, is-layout-requested=false, is-selected=false, layout-params=android.view.ViewGroup$LayoutParams@1835ba4, tag=null, root-is-layout-requested=false, has-input-connection=false, x=63.0, y=172.0, child-count=1} \n|\n+----------->ReactTextView{id=25, visibility=VISIBLE, width=232, height=39, has-focus=false, has-focusable=false, has-window-focus=true, is-clickable=false, is-enabled=true, is-focused=false, is-focusable=false, is-layout-requested=false, is-selected=false, layout-params=android.view.ViewGroup$LayoutParams@fb22d0d, tag=null, root-is-layout-requested=false, has-input-connection=false, x=21.0, y=21.0, text=ISVALIDVPA-PASS, input-type=0, ime-target=false, has-links=false} \n|\n+---------->ReactViewGroup{id=35, visibility=VISIBLE, width=269, height=81, has-focus=false, has-focusable=true, has-window-focus=true, is-clickable=true, is-enabled=true, is-focused=false, is-focusable=true, is-layout-requested=false, is-selected=false, layout-params=android.view.ViewGroup$LayoutParams@da554c2, tag=null, root-is-layout-requested=false, has-input-connection=false, x=337.0, y=172.0, child-count=1} \n|\n+----------->ReactTextView{id=33, visibility=VISIBLE, width=227, height=39, has-focus=false, has-focusable=false, has-window-focus=true, is-clickable=false, is-enabled=true, is-focused=false, is-focusable=false, is-layout-requested=false, is-selected=false, layout-params=android.view.ViewGroup$LayoutParams@f4462d3, tag=null, root-is-layout-requested=false, has-input-connection=false, x=21.0, y=21.0, text=ISVALIDVPA-FAIL, input-type=0, ime-target=false, has-links=false} \n|\n+---------->ReactTextView{id=45, visibility=VISIBLE, width=954, height=67, has-focus=false, has-focusable=false, has-window-focus=true, is-clickable=false, is-enabled=true, is-focused=false, is-focusable=false, is-layout-requested=false, is-selected=false, layout-params=android.view.ViewGroup$LayoutParams@86c8e10, tag=null, root-is-layout-requested=false, has-input-connection=false, x=63.0, y=337.0, text=Status changes, input-type=0, ime-target=false, has-links=false} \n|\n+---------->ReactTextView{id=47, visibility=VISIBLE, width=954, height=51, has-focus=false, has-focusable=false, has-window-focus=true, is-clickable=false, is-enabled=true, is-focused=false, is-focusable=false, is-layout-requested=false, is-selected=false, layout-params=android.view.ViewGroup$LayoutParams@9e18d09, tag=null, root-is-layout-requested=false, has-input-connection=false, x=63.0, y=425.0, text=, input-type=0, ime-target=false, has-links=false} \n|\n+---->ActionBarContainer{id=2131230767, res-name=action_bar_container, visibility=VISIBLE, width=1080, height=147, has-focus=false, has-focusable=false, has-window-focus=true, is-clickable=false, is-enabled=true, is-focused=false, is-focusable=false, is-layout-requested=false, is-selected=false, layout-params=androidx.appcompat.widget.ActionBarOverlayLayout$LayoutParams@4747b3c, tag=null, root-is-layout-requested=false, has-input-connection=false, x=0.0, y=0.0, child-count=2} \n|\n+----->Toolbar{id=2131230765, res-name=action_bar, visibility=VISIBLE, width=1080, height=147, has-focus=false, has-focusable=false, has-window-focus=true, is-clickable=false, is-enabled=true, is-focused=false, is-focusable=false, is-layout-requested=false, is-selected=false, layout-params=android.widget.FrameLayout$LayoutParams@42b594b, tag=null, root-is-layout-requested=false, has-input-connection=false, x=0.0, y=0.0, child-count=2} \n|\n+------>AppCompatTextView{id=-1, visibility=VISIBLE, width=294, height=71, has-focus=false, has-focusable=false, has-window-focus=true, is-clickable=false, is-enabled=true, is-focused=false, is-focusable=false, is-layout-requested=false, is-selected=false, layout-params=androidx.appcompat.widget.Toolbar$LayoutParams@6ac0f28, tag=null, root-is-layout-requested=false, has-input-connection=false, x=42.0, y=38.0, text=DetoxSample, input-type=0, ime-target=false, has-links=false} \n|\n+------>ActionMenuView{id=-1, visibility=VISIBLE, width=0, height=147, has-focus=false, has-focusable=false, has-window-focus=true, is-clickable=false, is-enabled=true, is-focused=false, is-focusable=false, is-layout-requested=false, is-selected=false, layout-params=androidx.appcompat.widget.Toolbar$LayoutParams@4d0d441, tag=null, root-is-layout-requested=false, has-input-connection=false, x=1080.0, y=0.0, child-count=0} \n|\n+----->ActionBarContextView{id=2131230773, res-name=action_context_bar, visibility=GONE, width=0, height=0, has-focus=false, has-focusable=false, has-window-focus=true, is-clickable=false, is-enabled=true, is-focused=false, is-focusable=false, is-layout-requested=true, is-selected=false, layout-params=android.widget.FrameLayout$LayoutParams@8dc5de6, tag=null, root-is-layout-requested=false, has-input-connection=false, x=0.0, y=0.0, child-count=0} \n|\n+->View{id=16908336, res-name=navigationBarBackground, visibility=VISIBLE, width=1080, height=126, has-focus=false, has-focusable=false, has-window-focus=true, is-clickable=false, is-enabled=true, is-focused=false, is-focusable=false, is-layout-requested=false, is-selected=false, layout-params=android.widget.FrameLayout$LayoutParams@543f27, tag=null, root-is-layout-requested=false, has-input-connection=false, x=0.0, y=2214.0} \n|\n+->View{id=16908335, res-name=statusBarBackground, visibility=VISIBLE, width=1080, height=76, has-focus=false, has-focusable=false, has-window-focus=true, is-clickable=false, is-enabled=true, is-focused=false, is-focusable=false, is-layout-requested=false, is-selected=false, layout-params=android.widget.FrameLayout$LayoutParams@e46f5d4, tag=null, root-is-layout-requested=false, has-input-connection=false, x=0.0, y=0.0}"}}
 
Mar 22 00:41:36 detox[28903] TRACE: [ARTIFACTS_LIFECYCLE] artifactsManager.onTestFnFailure({
  error: DetoxRuntimeError: Test Failed: No views in hierarchy found matching: (an instance of android.widget.TextView and view.getText() with or without transformation to match: is "isValidVpa-pass" and view has effective visibility <VISIBLE>)
  
  
  HINT: To print view hierarchy on failed actions/matches, use log-level verbose or higher.
      at _callee4$ (/Users/vivek.shindhe/RazorpayProjects/testing_projects/DetoxSample/e2e/firstTest.e2e.js:16:47)
      at tryCatch (/Users/vivek.shindhe/RazorpayProjects/testing_projects/DetoxSample/node_modules/regenerator-runtime/runtime.js:63:40)
      at Generator.invoke [as _invoke] (/Users/vivek.shindhe/RazorpayProjects/testing_projects/DetoxSample/node_modules/regenerator-runtime/runtime.js:294:22)
      at Generator.next (/Users/vivek.shindhe/RazorpayProjects/testing_projects/DetoxSample/node_modules/regenerator-runtime/runtime.js:119:21)
      at tryCatch (/Users/vivek.shindhe/RazorpayProjects/testing_projects/DetoxSample/node_modules/regenerator-runtime/runtime.js:63:40)
      at invoke (/Users/vivek.shindhe/RazorpayProjects/testing_projects/DetoxSample/node_modules/regenerator-runtime/runtime.js:155:20)
      at /Users/vivek.shindhe/RazorpayProjects/testing_projects/DetoxSample/node_modules/regenerator-runtime/runtime.js:190:11
      at new Promise (<anonymous>)
})
Mar 22 00:41:36 detox[28903] TRACE: [DETOX_AFTER_EACH] failed test: "Example should pass for isValidVpa"
Mar 22 00:41:36 detox[28903] TRACE: [ARTIFACTS_LIFECYCLE] artifactsManager.onTestDone({
  title: 'should pass for isValidVpa',
  fullName: 'Example should pass for isValidVpa',
  status: 'failed',
  invocations: 1,
  timedOut: false
})
Mar 22 00:41:36 detox[28903] TRACE: [ARTIFACT_STOP] stopping ADBLogcatRecording
Mar 22 00:41:36 detox[28903] DEBUG: [EXEC_CMD, #32] "/Users/vivek.shindhe/Library/Android/sdk/platform-tools/adb" -s LMG850EMW1f87e52c shell "date +\"%m-%d %T.000\""
Mar 22 00:41:36 detox[28903] TRACE: [EXEC_SUCCESS, #32] 03-22 00:41:36.000

Mar 22 00:41:36 detox[28936] TRACE: [SPAWN_KILL] sending SIGINT to: /Users/vivek.shindhe/Library/Android/sdk/platform-tools/adb -s LMG850EMW1f87e52c shell logcat -T "03-22 00:41:35.000" --pid=12387 -f /sdcard/041197_2.log
Mar 22 00:41:36 detox[28903] DEBUG: [SPAWN_END, #26, cpid=28936] /Users/vivek.shindhe/Library/Android/sdk/platform-tools/adb -s LMG850EMW1f87e52c shell "logcat -T \"03-22 00:41:35.000\" --pid=12387 -f /sdcard/041197_2.log" terminated with SIGINT
Mar 22 00:41:36 detox[28903] INFO:  [1m[37mExample: [39m[22m[90mshould pass for isValidVpa[39m[90m [[31mFAIL[90m][39m
Mar 22 00:41:36 Example[28903] TRACE: [ARTIFACTS_LIFECYCLE] artifactsManager.onRunDescribeFinish({ name: 'Example' })
Mar 22 00:41:36 ROOT_DESCRIBE_BLOCK[28903] TRACE: [ARTIFACTS_LIFECYCLE] artifactsManager.onRunDescribeFinish({ name: 'ROOT_DESCRIBE_BLOCK' })
Mar 22 00:41:37 detox[28903] TRACE: [ARTIFACTS_LIFECYCLE] artifactsManager.onBeforeCleanup()
Mar 22 00:41:37 detox[28903] TRACE: [ARTIFACT_SAVE] saving ADBLogcatRecording to: artifacts/android.debug.2022-03-21 19-11-17Z/✗ Example should pass for isValidVpa/device.log
Mar 22 00:41:37 detox[28903] DEBUG: [EXEC_CMD, #33] "/Users/vivek.shindhe/Library/Android/sdk/platform-tools/adb" -s LMG850EMW1f87e52c pull "/sdcard/041197_2.log" "artifacts/android.debug.2022-03-21 19-11-17Z/✗ Example should pass for isValidVpa/device.log"
Mar 22 00:41:37 detox[28903] TRACE: [EXEC_SUCCESS, #33] /sdcard/041197_2.log: 1 file pulled, 0 skipped. 16.0 MB/s (75881 bytes in 0.005s)

Mar 22 00:41:37 detox[28903] DEBUG: [EXEC_CMD, #34] "/Users/vivek.shindhe/Library/Android/sdk/platform-tools/adb" -s LMG850EMW1f87e52c shell "rm  \"/sdcard/041197_2.log\""
Mar 22 00:41:37 detox[28903] TRACE: [EXEC_SUCCESS, #34] 
Mar 22 00:41:37 detox[28903] TRACE: [ARTIFACT_START] starting FileArtifact
Mar 22 00:41:37 detox[28903] TRACE: [ARTIFACT_STOP] stopping FileArtifact
Mar 22 00:41:37 detox[28903] TRACE: [ARTIFACT_SAVE] saving FileArtifact to: artifacts/android.debug.2022-03-21 19-11-17Z/detox_pid_28903.json.log { append: true }
Mar 22 00:41:37 detox[28903] TRACE: [ARTIFACT_START] starting FileArtifact
Mar 22 00:41:37 detox[28903] TRACE: [ARTIFACT_STOP] stopping FileArtifact
Mar 22 00:41:37 detox[28903] TRACE: [ARTIFACT_SAVE] saving FileArtifact to: artifacts/android.debug.2022-03-21 19-11-17Z/detox_pid_28903.log { append: true }
Mar 22 00:41:37 detox[28903] DEBUG: [MOVE_FILE] moving "/private/var/folders/gr/3jbywwxx66x6q68_04cm6twh0000gq/T/a3dceb0d-1f41-4bb1-8200-37729ea9c183.detox.log" to artifacts/android.debug.2022-03-21 19-11-17Z/detox_pid_28903.log
Mar 22 00:41:37 detox[28903] DEBUG: [MOVE_FILE] moving "/private/var/folders/gr/3jbywwxx66x6q68_04cm6twh0000gq/T/22ca8ef1-b9dd-4f48-9704-5d54a23c331d.detox.log" to artifacts/android.debug.2022-03-21 19-11-17Z/detox_pid_28903.json.log
Mar 22 00:41:37 detox[28903] TRACE: [WS_SEND] {"type":"cleanup","params":{"stopRunner":false},"messageId":-49642}
Mar 22 00:41:37 detox[28903] TRACE: [WSS_GET_FROM, #tester] {"type":"cleanup","params":{"stopRunner":false},"messageId":-49642}
Mar 22 00:41:37 detox[28903] TRACE: [WSS_SEND_TO, #app] {"type":"cleanup","params":{"stopRunner":false},"messageId":-49642}
Mar 22 00:41:37 detox[28903] TRACE: [WSS_GET_FROM, #app] {"messageId":-49642,"type":"cleanupDone","params":{}}
Mar 22 00:41:37 detox[28903] TRACE: [WSS_SEND_TO, #tester] {"messageId":-49642,"type":"cleanupDone","params":{}}
Mar 22 00:41:37 detox[28903] TRACE: [WS_MESSAGE] {"messageId":-49642,"type":"cleanupDone","params":{}}
 
Mar 22 00:41:37 detox[28903] TRACE: [SESSION_TORN] tester exited session f1dc7a7d-7932-de6b-693c-f50003894061
Mar 22 00:41:37 detox[28903] TRACE: [WSS_SEND_TO, #app] {"type":"testerDisconnected","messageId":-1}
Mar 22 00:41:37 detox[28927] TRACE: [SPAWN_KILL] sending SIGINT to: /Users/vivek.shindhe/Library/Android/sdk/platform-tools/adb -s LMG850EMW1f87e52c shell am instrument -w -r -e detoxServer ws://localhost:54997 -e detoxSessionId f1dc7a7d-7932-de6b-693c-f50003894061 -e debug false com.detoxsample.test/androidx.test.runner.AndroidJUnitRunner
Mar 22 00:41:37 detox[28903] DEBUG: [SPAWN_END, #18, cpid=28927] /Users/vivek.shindhe/Library/Android/sdk/platform-tools/adb -s LMG850EMW1f87e52c shell am instrument -w -r -e detoxServer ws://localhost:54997 -e detoxSessionId f1dc7a7d-7932-de6b-693c-f50003894061 -e debug false com.detoxsample.test/androidx.test.runner.AndroidJUnitRunner terminated with SIGINT
Mar 22 00:41:37 detox[28903] DEBUG: [EXEC_CMD, #35] "/Users/vivek.shindhe/Library/Android/sdk/platform-tools/adb" -s LMG850EMW1f87e52c reverse --remove tcp:54997
Mar 22 00:41:37 detox[28903] DEBUG: [WSS_CLOSE] Detox server has been closed gracefully
Mar 22 00:41:37 detox[28903] TRACE: [SESSION_TORN] app exited session f1dc7a7d-7932-de6b-693c-f50003894061
Mar 22 00:41:37 detox[28903] TRACE: [EXEC_SUCCESS, #35] 
