--------- beginning of main
03-22 11:06:55.027 25554 25857 D DetoxWSClient: Received action 'invoke' (ID #1, params={"target":{"type":"Class","value":"com.wix.detox.espresso.EspressoDetox"},"method":"perform","args":[{"type":"Invocation","value":{"target":{"type":"Class","value":"androidx.test.espresso.Espresso"},"method":"onView","args":[{"type":"Invocation","value":{"target":{"type":"Class","value":"com.wix.detox.espresso.DetoxMatcher"},"method":"matcherForTestId","args":["initializeRzp"]}}]}},{"type":"Invocation","value":{"target":{"type":"Class","value":"com.wix.detox.espresso.DetoxViewActions"},"method":"click","args":[]}}]})
03-22 11:06:55.029 25554 25852 I DetoxDispatcher: Handling action 'invoke' (ID #1)...
03-22 11:06:55.035 25554 25852 D Detox   : class com.wix.detox.espresso.DetoxMatcher, matcherForTestId, [initializeRzp]
03-22 11:06:55.043 25554 25852 D Detox   : class androidx.test.espresso.Espresso, onView, [(view.getTag() is "initializeRzp" and view has effective visibility <VISIBLE>)]
03-22 11:06:55.043 25554 25852 D Detox   : class com.wix.detox.espresso.DetoxViewActions, click, []
03-22 11:06:55.045 25554 25852 W com.detoxsampl: Accessing hidden method Landroid/view/ViewConfiguration;->getDoubleTapMinTime()I (greylist, reflection, allowed)
03-22 11:06:55.047 25554 25852 D Detox   : class com.wix.detox.espresso.EspressoDetox, perform, [androidx.test.espresso.ViewInteraction@d2f0a2e, com.wix.detox.espresso.action.RNClickAction@fb589cf]
03-22 11:06:55.278 25554 25554 W com.detoxsampl: Accessing hidden method Landroid/view/WindowManagerGlobal;->getInstance()Landroid/view/WindowManagerGlobal; (greylist, reflection, allowed)
03-22 11:06:55.278 25554 25554 W com.detoxsampl: Accessing hidden field Landroid/view/WindowManagerGlobal;->mViews:Ljava/util/ArrayList; (greylist, reflection, allowed)
03-22 11:06:55.278 25554 25554 W com.detoxsampl: Accessing hidden field Landroid/view/WindowManagerGlobal;->mParams:Ljava/util/ArrayList; (greylist, reflection, allowed)
03-22 11:06:55.281 25554 25554 I ViewInteraction: Performing 'com.wix.detox.espresso.action.detoxsingletap@d362265 click' action on view (view.getTag() is "initializeRzp" and view has effective visibility <VISIBLE>)
--------- beginning of system
03-22 11:06:55.290 25554 25554 I ViewRootImpl: ViewRoot's Touch Event : ACTION_DOWN
03-22 11:06:55.318 25554 25554 I ViewRootImpl: ViewRoot's Touch Event : ACTION_UP
03-22 11:06:55.323 25554 25554 I Detox   : UIManagerModule is busy
03-22 11:06:55.394 25554 25554 I TetheringManager: registerTetheringEventCallback:com.detoxsample
03-22 11:06:56.744 25554 25852 I DetoxWSClient: Sending out action 'invokeResult' (ID #1)
03-22 11:06:56.745 25554 25852 I DetoxDispatcher: Done with action 'invoke'
03-22 11:06:56.764 25554 25857 D DetoxWSClient: Received action 'invoke' (ID #2, params={"target":{"type":"Class","value":"com.wix.detox.espresso.DetoxAssertion"},"method":"assertMatcher","args":[{"type":"Invocation","value":{"target":{"type":"Class","value":"androidx.test.espresso.Espresso"},"method":"onView","args":[{"type":"Invocation","value":{"target":{"type":"Class","value":"com.wix.detox.espresso.DetoxMatcher"},"method":"matcherForText","args":["Status changes"]}}]}},{"type":"Invocation","value":{"target":{"type":"Class","value":"com.wix.detox.espresso.DetoxMatcher"},"method":"matcherForSufficientlyVisible","args":[{"type":"Integer","value":75}]}}]})
03-22 11:06:56.765 25554 25852 I DetoxDispatcher: Handling action 'invoke' (ID #2)...
03-22 11:06:56.765 25554 25852 D Detox   : class com.wix.detox.espresso.DetoxMatcher, matcherForText, [Status changes]
03-22 11:06:56.766 25554 25852 D Detox   : class androidx.test.espresso.Espresso, onView, [(an instance of android.widget.TextView and view.getText() with or without transformation to match: is "Status changes" and view has effective visibility <VISIBLE>)]
03-22 11:06:56.767 25554 25852 D Detox   : class com.wix.detox.espresso.DetoxMatcher, matcherForSufficientlyVisible, [75]
03-22 11:06:56.768 25554 25852 D Detox   : class com.wix.detox.espresso.DetoxAssertion, assertMatcher, [androidx.test.espresso.ViewInteraction@7a0fd67, (view has effective visibility <VISIBLE> and view.getGlobalVisibleRect() covers at least <75> percent of the view's area)]
03-22 11:06:56.774 25554 25554 I ViewInteraction: Checking 'MatchesViewAssertion(Detox){viewMatcher=(view has effective visibility <VISIBLE> and view.getGlobalVisibleRect() covers at least <75> percent of the view's area)}' assertion on view (an instance of android.widget.TextView and view.getText() with or without transformation to match: is "Status changes" and view has effective visibility <VISIBLE>)
03-22 11:06:56.776 25554 25852 I DetoxWSClient: Sending out action 'invokeResult' (ID #2)
03-22 11:06:56.776 25554 25852 I DetoxDispatcher: Done with action 'invoke'
03-22 11:06:56.782 25554 25857 D DetoxWSClient: Received action 'invoke' (ID #3, params={"target":{"type":"Class","value":"com.wix.detox.espresso.DetoxAssertion"},"method":"assertMatcher","args":[{"type":"Invocation","value":{"target":{"type":"Class","value":"androidx.test.espresso.Espresso"},"method":"onView","args":[{"type":"Invocation","value":{"target":{"type":"Class","value":"com.wix.detox.espresso.DetoxMatcher"},"method":"matcherForText","args":["Razorpay Initialized"]}}]}},{"type":"Invocation","value":{"target":{"type":"Class","value":"com.wix.detox.espresso.DetoxMatcher"},"method":"matcherForSufficientlyVisible","args":[{"type":"Integer","value":75}]}}]})
03-22 11:06:56.783 25554 25852 I DetoxDispatcher: Handling action 'invoke' (ID #3)...
03-22 11:06:56.784 25554 25852 D Detox   : class com.wix.detox.espresso.DetoxMatcher, matcherForText, [Razorpay Initialized]
03-22 11:06:56.784 25554 25852 D Detox   : class androidx.test.espresso.Espresso, onView, [(an instance of android.widget.TextView and view.getText() with or without transformation to match: is "Razorpay Initialized" and view has effective visibility <VISIBLE>)]
03-22 11:06:56.785 25554 25852 D Detox   : class com.wix.detox.espresso.DetoxMatcher, matcherForSufficientlyVisible, [75]
03-22 11:06:56.785 25554 25852 D Detox   : class com.wix.detox.espresso.DetoxAssertion, assertMatcher, [androidx.test.espresso.ViewInteraction@16b7714, (view has effective visibility <VISIBLE> and view.getGlobalVisibleRect() covers at least <75> percent of the view's area)]
